  [1m[35m (1.0ms)[0m  [1m[35mCREATE DATABASE "AirRAiL_development" ENCODING = 'unicode'[0m
  ↳ /Users/ritikagoel/.rvm/rubies/ruby-2.6.2/lib/ruby/gems/2.6.0/gems/rake-12.3.2/lib/rake/task.rb:273
  [1m[35m (0.6ms)[0m  [1m[35mCREATE DATABASE "AirRAiL_test" ENCODING = 'unicode'[0m
  ↳ /Users/ritikagoel/.rvm/rubies/ruby-2.6.2/lib/ruby/gems/2.6.0/gems/rake-12.3.2/lib/rake/task.rb:273
  [1m[35m (0.4ms)[0m  [1m[34mSELECT pg_try_advisory_lock(1769054376350425710)[0m
  ↳ /Users/ritikagoel/.rvm/rubies/ruby-2.6.2/lib/ruby/gems/2.6.0/gems/rake-12.3.2/lib/rake/task.rb:273
  [1m[35m (1.5ms)[0m  [1m[34mSELECT "schema_migrations"."version" FROM "schema_migrations" ORDER BY "schema_migrations"."version" ASC[0m
  ↳ /Users/ritikagoel/.rvm/rubies/ruby-2.6.2/lib/ruby/gems/2.6.0/gems/rake-12.3.2/lib/rake/task.rb:273
Migrating to CreateAirports (20190509004831)
  [1m[35m (1.0ms)[0m  [1m[35mBEGIN[0m
  ↳ /Users/ritikagoel/.rvm/rubies/ruby-2.6.2/lib/ruby/gems/2.6.0/gems/rake-12.3.2/lib/rake/task.rb:273
  [1m[35m (5.5ms)[0m  [1m[35mCREATE TABLE "airports" ("id" bigserial primary key, "name" text, "code" text, "created_at" timestamp NOT NULL, "updated_at" timestamp NOT NULL)[0m
  ↳ db/migrate/20190509004831_create_airports.rb:3
  [1m[35m (0.2ms)[0m  [1m[31mROLLBACK[0m
  ↳ /Users/ritikagoel/.rvm/rubies/ruby-2.6.2/lib/ruby/gems/2.6.0/gems/rake-12.3.2/lib/rake/task.rb:273
  [1m[35m (0.4ms)[0m  [1m[34mSELECT pg_advisory_unlock(1769054376350425710)[0m
  ↳ /Users/ritikagoel/.rvm/rubies/ruby-2.6.2/lib/ruby/gems/2.6.0/gems/rake-12.3.2/lib/rake/task.rb:273
  [1m[35m (0.9ms)[0m  [1m[34mSELECT "schema_migrations"."version" FROM "schema_migrations" ORDER BY "schema_migrations"."version" ASC[0m
  ↳ /Users/ritikagoel/.rvm/rubies/ruby-2.6.2/lib/ruby/gems/2.6.0/gems/rake-12.3.2/lib/rake/task.rb:273
  [1m[35m (0.9ms)[0m  [1m[34mSELECT "ar_internal_metadata"."value" FROM "ar_internal_metadata" WHERE "ar_internal_metadata"."key" = $1[0m  [["key", "environment"]]
  ↳ /Users/ritikagoel/.rvm/rubies/ruby-2.6.2/lib/ruby/gems/2.6.0/gems/rake-12.3.2/lib/rake/task.rb:273
  [1m[35m (0.3ms)[0m  [1m[34mSELECT "schema_migrations"."version" FROM "schema_migrations" ORDER BY "schema_migrations"."version" ASC[0m
  ↳ /Users/ritikagoel/.rvm/rubies/ruby-2.6.2/lib/ruby/gems/2.6.0/gems/rake-12.3.2/lib/rake/task.rb:273
  [1m[35m (0.3ms)[0m  [1m[34mSELECT "ar_internal_metadata"."value" FROM "ar_internal_metadata" WHERE "ar_internal_metadata"."key" = $1[0m  [["key", "environment"]]
  ↳ /Users/ritikagoel/.rvm/rubies/ruby-2.6.2/lib/ruby/gems/2.6.0/gems/rake-12.3.2/lib/rake/task.rb:273
  [1m[35m (0.4ms)[0m  [1m[34mSELECT "schema_migrations"."version" FROM "schema_migrations" ORDER BY "schema_migrations"."version" ASC[0m
  ↳ /Users/ritikagoel/.rvm/rubies/ruby-2.6.2/lib/ruby/gems/2.6.0/gems/rake-12.3.2/lib/rake/task.rb:273
  [1m[35m (0.3ms)[0m  [1m[34mSELECT "ar_internal_metadata"."value" FROM "ar_internal_metadata" WHERE "ar_internal_metadata"."key" = $1[0m  [["key", "environment"]]
  ↳ /Users/ritikagoel/.rvm/rubies/ruby-2.6.2/lib/ruby/gems/2.6.0/gems/rake-12.3.2/lib/rake/task.rb:273
  [1m[35m (150.1ms)[0m  [1m[35mDROP DATABASE IF EXISTS "AirRAiL_development"[0m
  ↳ /Users/ritikagoel/.rvm/rubies/ruby-2.6.2/lib/ruby/gems/2.6.0/gems/rake-12.3.2/lib/rake/task.rb:273
  [1m[35m (146.4ms)[0m  [1m[35mDROP DATABASE IF EXISTS "AirRAiL_test"[0m
  ↳ /Users/ritikagoel/.rvm/rubies/ruby-2.6.2/lib/ruby/gems/2.6.0/gems/rake-12.3.2/lib/rake/task.rb:273
  [1m[35m (362.5ms)[0m  [1m[35mCREATE DATABASE "AirRAiL_development" ENCODING = 'unicode'[0m
  ↳ /Users/ritikagoel/.rvm/rubies/ruby-2.6.2/lib/ruby/gems/2.6.0/gems/rake-12.3.2/lib/rake/task.rb:273
  [1m[35m (292.8ms)[0m  [1m[35mCREATE DATABASE "AirRAiL_test" ENCODING = 'unicode'[0m
  ↳ /Users/ritikagoel/.rvm/rubies/ruby-2.6.2/lib/ruby/gems/2.6.0/gems/rake-12.3.2/lib/rake/task.rb:273
  [1m[35m (7.4ms)[0m  [1m[35mCREATE TABLE "schema_migrations" ("version" character varying NOT NULL PRIMARY KEY)[0m
  ↳ /Users/ritikagoel/.rvm/rubies/ruby-2.6.2/lib/ruby/gems/2.6.0/gems/rake-12.3.2/lib/rake/task.rb:273
  [1m[35m (3.7ms)[0m  [1m[35mCREATE TABLE "ar_internal_metadata" ("key" character varying NOT NULL PRIMARY KEY, "value" character varying, "created_at" timestamp NOT NULL, "updated_at" timestamp NOT NULL)[0m
  ↳ /Users/ritikagoel/.rvm/rubies/ruby-2.6.2/lib/ruby/gems/2.6.0/gems/rake-12.3.2/lib/rake/task.rb:273
  [1m[35m (0.5ms)[0m  [1m[34mSELECT pg_try_advisory_lock(1769054376350425710)[0m
  ↳ /Users/ritikagoel/.rvm/rubies/ruby-2.6.2/lib/ruby/gems/2.6.0/gems/rake-12.3.2/lib/rake/task.rb:273
  [1m[35m (0.9ms)[0m  [1m[34mSELECT "schema_migrations"."version" FROM "schema_migrations" ORDER BY "schema_migrations"."version" ASC[0m
  ↳ /Users/ritikagoel/.rvm/rubies/ruby-2.6.2/lib/ruby/gems/2.6.0/gems/rake-12.3.2/lib/rake/task.rb:273
Migrating to CreateAirports (20190509004831)
  [1m[35m (0.5ms)[0m  [1m[35mBEGIN[0m
  ↳ /Users/ritikagoel/.rvm/rubies/ruby-2.6.2/lib/ruby/gems/2.6.0/gems/rake-12.3.2/lib/rake/task.rb:273
  [1m[35m (11.2ms)[0m  [1m[35mCREATE TABLE "airports" ("id" bigserial primary key, "name" text, "code" text, "created_at" timestamp NOT NULL, "updated_at" timestamp NOT NULL)[0m
  ↳ db/migrate/20190509004831_create_airports.rb:3
  [1m[36mActiveRecord::SchemaMigration Create (0.6ms)[0m  [1m[32mINSERT INTO "schema_migrations" ("version") VALUES ($1) RETURNING "version"[0m  [["version", "20190509004831"]]
  ↳ /Users/ritikagoel/.rvm/rubies/ruby-2.6.2/lib/ruby/gems/2.6.0/gems/rake-12.3.2/lib/rake/task.rb:273
  [1m[35m (1.1ms)[0m  [1m[35mCOMMIT[0m
  ↳ /Users/ritikagoel/.rvm/rubies/ruby-2.6.2/lib/ruby/gems/2.6.0/gems/rake-12.3.2/lib/rake/task.rb:273
Migrating to CreateFlights (20190509005231)
  [1m[35m (0.5ms)[0m  [1m[35mBEGIN[0m
  ↳ /Users/ritikagoel/.rvm/rubies/ruby-2.6.2/lib/ruby/gems/2.6.0/gems/rake-12.3.2/lib/rake/task.rb:273
  [1m[35m (5.7ms)[0m  [1m[35mCREATE TABLE "flights" ("id" bigserial primary key, "number" text, "origin" text, "destination" text, "date" timestamp, "plane_id" integer, "created_at" timestamp NOT NULL, "updated_at" timestamp NOT NULL)[0m
  ↳ db/migrate/20190509005231_create_flights.rb:3
  [1m[36mActiveRecord::SchemaMigration Create (0.8ms)[0m  [1m[32mINSERT INTO "schema_migrations" ("version") VALUES ($1) RETURNING "version"[0m  [["version", "20190509005231"]]
  ↳ /Users/ritikagoel/.rvm/rubies/ruby-2.6.2/lib/ruby/gems/2.6.0/gems/rake-12.3.2/lib/rake/task.rb:273
  [1m[35m (0.6ms)[0m  [1m[35mCOMMIT[0m
  ↳ /Users/ritikagoel/.rvm/rubies/ruby-2.6.2/lib/ruby/gems/2.6.0/gems/rake-12.3.2/lib/rake/task.rb:273
Migrating to CreatePlanes (20190509005321)
  [1m[35m (0.4ms)[0m  [1m[35mBEGIN[0m
  ↳ /Users/ritikagoel/.rvm/rubies/ruby-2.6.2/lib/ruby/gems/2.6.0/gems/rake-12.3.2/lib/rake/task.rb:273
  [1m[35m (6.4ms)[0m  [1m[35mCREATE TABLE "planes" ("id" bigserial primary key, "name" text, "seats" integer, "rows" integer, "columns" integer, "created_at" timestamp NOT NULL, "updated_at" timestamp NOT NULL)[0m
  ↳ db/migrate/20190509005321_create_planes.rb:3
  [1m[36mActiveRecord::SchemaMigration Create (22.1ms)[0m  [1m[32mINSERT INTO "schema_migrations" ("version") VALUES ($1) RETURNING "version"[0m  [["version", "20190509005321"]]
  ↳ /Users/ritikagoel/.rvm/rubies/ruby-2.6.2/lib/ruby/gems/2.6.0/gems/rake-12.3.2/lib/rake/task.rb:273
  [1m[35m (1.1ms)[0m  [1m[35mCOMMIT[0m
  ↳ /Users/ritikagoel/.rvm/rubies/ruby-2.6.2/lib/ruby/gems/2.6.0/gems/rake-12.3.2/lib/rake/task.rb:273
Migrating to CreateReservations (20190509005354)
  [1m[35m (0.4ms)[0m  [1m[35mBEGIN[0m
  ↳ /Users/ritikagoel/.rvm/rubies/ruby-2.6.2/lib/ruby/gems/2.6.0/gems/rake-12.3.2/lib/rake/task.rb:273
  [1m[35m (5.3ms)[0m  [1m[35mCREATE TABLE "reservations" ("id" bigserial primary key, "user_id" integer, "flight_id" integer, "seat" text, "created_at" timestamp NOT NULL, "updated_at" timestamp NOT NULL)[0m
  ↳ db/migrate/20190509005354_create_reservations.rb:3
  [1m[36mActiveRecord::SchemaMigration Create (0.6ms)[0m  [1m[32mINSERT INTO "schema_migrations" ("version") VALUES ($1) RETURNING "version"[0m  [["version", "20190509005354"]]
  ↳ /Users/ritikagoel/.rvm/rubies/ruby-2.6.2/lib/ruby/gems/2.6.0/gems/rake-12.3.2/lib/rake/task.rb:273
  [1m[35m (0.5ms)[0m  [1m[35mCOMMIT[0m
  ↳ /Users/ritikagoel/.rvm/rubies/ruby-2.6.2/lib/ruby/gems/2.6.0/gems/rake-12.3.2/lib/rake/task.rb:273
Migrating to CreateUsers (20190509005427)
  [1m[35m (11.0ms)[0m  [1m[35mBEGIN[0m
  ↳ /Users/ritikagoel/.rvm/rubies/ruby-2.6.2/lib/ruby/gems/2.6.0/gems/rake-12.3.2/lib/rake/task.rb:273
  [1m[35m (10.4ms)[0m  [1m[35mCREATE TABLE "users" ("id" bigserial primary key, "fname" text, "lname" text, "email" text, "password_digest" text, "admin" boolean, "created_at" timestamp NOT NULL, "updated_at" timestamp NOT NULL)[0m
  ↳ db/migrate/20190509005427_create_users.rb:3
  [1m[36mActiveRecord::SchemaMigration Create (0.6ms)[0m  [1m[32mINSERT INTO "schema_migrations" ("version") VALUES ($1) RETURNING "version"[0m  [["version", "20190509005427"]]
  ↳ /Users/ritikagoel/.rvm/rubies/ruby-2.6.2/lib/ruby/gems/2.6.0/gems/rake-12.3.2/lib/rake/task.rb:273
  [1m[35m (1.0ms)[0m  [1m[35mCOMMIT[0m
  ↳ /Users/ritikagoel/.rvm/rubies/ruby-2.6.2/lib/ruby/gems/2.6.0/gems/rake-12.3.2/lib/rake/task.rb:273
  [1m[36mActiveRecord::InternalMetadata Load (0.7ms)[0m  [1m[34mSELECT  "ar_internal_metadata".* FROM "ar_internal_metadata" WHERE "ar_internal_metadata"."key" = $1 LIMIT $2[0m  [["key", "environment"], ["LIMIT", 1]]
  ↳ /Users/ritikagoel/.rvm/rubies/ruby-2.6.2/lib/ruby/gems/2.6.0/gems/rake-12.3.2/lib/rake/task.rb:273
  [1m[35m (0.2ms)[0m  [1m[35mBEGIN[0m
  ↳ /Users/ritikagoel/.rvm/rubies/ruby-2.6.2/lib/ruby/gems/2.6.0/gems/rake-12.3.2/lib/rake/task.rb:273
  [1m[36mActiveRecord::InternalMetadata Create (0.5ms)[0m  [1m[32mINSERT INTO "ar_internal_metadata" ("key", "value", "created_at", "updated_at") VALUES ($1, $2, $3, $4) RETURNING "key"[0m  [["key", "environment"], ["value", "development"], ["created_at", "2019-05-09 00:56:47.016343"], ["updated_at", "2019-05-09 00:56:47.016343"]]
  ↳ /Users/ritikagoel/.rvm/rubies/ruby-2.6.2/lib/ruby/gems/2.6.0/gems/rake-12.3.2/lib/rake/task.rb:273
  [1m[35m (0.3ms)[0m  [1m[35mCOMMIT[0m
  ↳ /Users/ritikagoel/.rvm/rubies/ruby-2.6.2/lib/ruby/gems/2.6.0/gems/rake-12.3.2/lib/rake/task.rb:273
  [1m[35m (0.2ms)[0m  [1m[34mSELECT pg_advisory_unlock(1769054376350425710)[0m
  ↳ /Users/ritikagoel/.rvm/rubies/ruby-2.6.2/lib/ruby/gems/2.6.0/gems/rake-12.3.2/lib/rake/task.rb:273
  [1m[35m (0.5ms)[0m  [1m[34mSELECT "schema_migrations"."version" FROM "schema_migrations" ORDER BY "schema_migrations"."version" ASC[0m
  ↳ /Users/ritikagoel/.rvm/rubies/ruby-2.6.2/lib/ruby/gems/2.6.0/gems/rake-12.3.2/lib/rake/task.rb:273
  [1m[35m (1.0ms)[0m  [1m[34mSELECT "schema_migrations"."version" FROM "schema_migrations" ORDER BY "schema_migrations"."version" ASC[0m
  ↳ /Users/ritikagoel/.rvm/rubies/ruby-2.6.2/lib/ruby/gems/2.6.0/gems/rake-12.3.2/lib/rake/task.rb:273
  [1m[35m (1.4ms)[0m  [1m[34mSELECT "schema_migrations"."version" FROM "schema_migrations" ORDER BY "schema_migrations"."version" ASC[0m
  ↳ /Users/ritikagoel/.rvm/gems/ruby-2.6.2/bin/annotate:23
Started GET "/" for ::1 at 2019-05-09 11:00:01 +1000
  [1m[35m (1.0ms)[0m  [1m[34mSELECT "schema_migrations"."version" FROM "schema_migrations" ORDER BY "schema_migrations"."version" ASC[0m
  ↳ /Users/ritikagoel/.rvm/gems/ruby-2.6.2/gems/activerecord-5.2.3/lib/active_record/log_subscriber.rb:98
Processing by Rails::WelcomeController#index as HTML
  Rendering /Users/ritikagoel/.rvm/gems/ruby-2.6.2/gems/railties-5.2.3/lib/rails/templates/rails/welcome/index.html.erb
  Rendered /Users/ritikagoel/.rvm/gems/ruby-2.6.2/gems/railties-5.2.3/lib/rails/templates/rails/welcome/index.html.erb (7.4ms)
Completed 200 OK in 17ms (Views: 15.2ms | ActiveRecord: 0.0ms)


Started GET "/planes" for ::1 at 2019-05-09 11:00:06 +1000
Processing by PlanesController#index as HTML
  Rendering planes/index.html.erb within layouts/application
  [1m[36mPlane Load (2.0ms)[0m  [1m[34mSELECT "planes".* FROM "planes"[0m
  ↳ app/views/planes/index.html.erb:17
  Rendered planes/index.html.erb within layouts/application (18.2ms)
Completed 200 OK in 819ms (Views: 795.0ms | ActiveRecord: 5.1ms)


  [1m[35m (0.9ms)[0m  [1m[34mSELECT "schema_migrations"."version" FROM "schema_migrations" ORDER BY "schema_migrations"."version" ASC[0m
  ↳ /Users/ritikagoel/.rvm/rubies/ruby-2.6.2/lib/ruby/gems/2.6.0/gems/rake-12.3.2/lib/rake/task.rb:273
  [1m[36mPlane Load (0.7ms)[0m  [1m[34mSELECT "planes".* FROM "planes"[0m
  ↳ db/seeds.rb:1
  [1m[35m (0.1ms)[0m  [1m[35mBEGIN[0m
  ↳ db/seeds.rb:2
  [1m[36mPlane Create (1.1ms)[0m  [1m[32mINSERT INTO "planes" ("name", "seats", "rows", "columns", "created_at", "updated_at") VALUES ($1, $2, $3, $4, $5, $6) RETURNING "id"[0m  [["name", "Airbus A321"], ["seats", 12], ["rows", 4], ["columns", 3], ["created_at", "2019-05-09 01:01:21.106782"], ["updated_at", "2019-05-09 01:01:21.106782"]]
  ↳ db/seeds.rb:2
  [1m[35m (0.5ms)[0m  [1m[35mCOMMIT[0m
  ↳ db/seeds.rb:2
  [1m[35m (0.3ms)[0m  [1m[35mBEGIN[0m
  ↳ db/seeds.rb:3
  [1m[36mPlane Create (0.4ms)[0m  [1m[32mINSERT INTO "planes" ("name", "seats", "rows", "columns", "created_at", "updated_at") VALUES ($1, $2, $3, $4, $5, $6) RETURNING "id"[0m  [["name", "Atr ATR-76"], ["seats", 15], ["rows", 5], ["columns", 3], ["created_at", "2019-05-09 01:01:21.110512"], ["updated_at", "2019-05-09 01:01:21.110512"]]
  ↳ db/seeds.rb:3
  [1m[35m (0.4ms)[0m  [1m[35mCOMMIT[0m
  ↳ db/seeds.rb:3
  [1m[35m (0.1ms)[0m  [1m[35mBEGIN[0m
  ↳ db/seeds.rb:4
  [1m[36mPlane Create (0.4ms)[0m  [1m[32mINSERT INTO "planes" ("name", "seats", "rows", "columns", "created_at", "updated_at") VALUES ($1, $2, $3, $4, $5, $6) RETURNING "id"[0m  [["name", "Boeing 737-900"], ["seats", 18], ["rows", 6], ["columns", 3], ["created_at", "2019-05-09 01:01:21.112859"], ["updated_at", "2019-05-09 01:01:21.112859"]]
  ↳ db/seeds.rb:4
  [1m[35m (0.4ms)[0m  [1m[35mCOMMIT[0m
  ↳ db/seeds.rb:4
  [1m[35m (0.3ms)[0m  [1m[35mBEGIN[0m
  ↳ db/seeds.rb:5
  [1m[36mPlane Create (0.5ms)[0m  [1m[32mINSERT INTO "planes" ("name", "seats", "rows", "columns", "created_at", "updated_at") VALUES ($1, $2, $3, $4, $5, $6) RETURNING "id"[0m  [["name", "Cessna 402"], ["seats", 9], ["rows", 3], ["columns", 3], ["created_at", "2019-05-09 01:01:21.123981"], ["updated_at", "2019-05-09 01:01:21.123981"]]
  ↳ db/seeds.rb:5
  [1m[35m (0.5ms)[0m  [1m[35mCOMMIT[0m
  ↳ db/seeds.rb:5
  [1m[35m (0.3ms)[0m  [1m[35mBEGIN[0m
  ↳ db/seeds.rb:6
  [1m[36mPlane Create (0.4ms)[0m  [1m[32mINSERT INTO "planes" ("name", "seats", "rows", "columns", "created_at", "updated_at") VALUES ($1, $2, $3, $4, $5, $6) RETURNING "id"[0m  [["name", "Embraer 190"], ["seats", 15], ["rows", 5], ["columns", 3], ["created_at", "2019-05-09 01:01:21.126850"], ["updated_at", "2019-05-09 01:01:21.126850"]]
  ↳ db/seeds.rb:6
  [1m[35m (0.5ms)[0m  [1m[35mCOMMIT[0m
  ↳ db/seeds.rb:6
  [1m[35m (0.2ms)[0m  [1m[35mBEGIN[0m
  ↳ db/seeds.rb:7
  [1m[36mPlane Create (0.3ms)[0m  [1m[32mINSERT INTO "planes" ("name", "seats", "rows", "columns", "created_at", "updated_at") VALUES ($1, $2, $3, $4, $5, $6) RETURNING "id"[0m  [["name", "Boeing 737-900"], ["seats", 12], ["rows", 4], ["columns", 3], ["created_at", "2019-05-09 01:01:21.129501"], ["updated_at", "2019-05-09 01:01:21.129501"]]
  ↳ db/seeds.rb:7
  [1m[35m (0.4ms)[0m  [1m[35mCOMMIT[0m
  ↳ db/seeds.rb:7
  [1m[36mFlight Load (1.1ms)[0m  [1m[34mSELECT "flights".* FROM "flights"[0m
  ↳ db/seeds.rb:9
  [1m[35m (0.3ms)[0m  [1m[35mBEGIN[0m
  ↳ db/seeds.rb:10
  [1m[36mPlane Load (0.5ms)[0m  [1m[34mSELECT  "planes".* FROM "planes" WHERE "planes"."id" = $1 LIMIT $2[0m  [["id", 1], ["LIMIT", 1]]
  ↳ db/seeds.rb:10
  [1m[36mFlight Create (0.7ms)[0m  [1m[32mINSERT INTO "flights" ("number", "origin", "destination", "date", "plane_id", "created_at", "updated_at") VALUES ($1, $2, $3, $4, $5, $6, $7) RETURNING "id"[0m  [["number", "SYD01"], ["origin", "Sydney"], ["destination", "London"], ["date", "2019-05-12 00:00:00"], ["plane_id", 1], ["created_at", "2019-05-09 01:01:21.170589"], ["updated_at", "2019-05-09 01:01:21.170589"]]
  ↳ db/seeds.rb:10
  [1m[35m (0.5ms)[0m  [1m[35mCOMMIT[0m
  ↳ db/seeds.rb:10
  [1m[35m (0.2ms)[0m  [1m[35mBEGIN[0m
  ↳ db/seeds.rb:11
  [1m[36mPlane Load (0.4ms)[0m  [1m[34mSELECT  "planes".* FROM "planes" WHERE "planes"."id" = $1 LIMIT $2[0m  [["id", 2], ["LIMIT", 1]]
  ↳ db/seeds.rb:11
  [1m[36mFlight Create (0.6ms)[0m  [1m[32mINSERT INTO "flights" ("number", "origin", "destination", "date", "plane_id", "created_at", "updated_at") VALUES ($1, $2, $3, $4, $5, $6, $7) RETURNING "id"[0m  [["number", "LON02"], ["origin", "London"], ["destination", "New York"], ["date", "2019-05-13 00:00:00"], ["plane_id", 2], ["created_at", "2019-05-09 01:01:21.174818"], ["updated_at", "2019-05-09 01:01:21.174818"]]
  ↳ db/seeds.rb:11
  [1m[35m (0.7ms)[0m  [1m[35mCOMMIT[0m
  ↳ db/seeds.rb:11
  [1m[35m (0.2ms)[0m  [1m[35mBEGIN[0m
  ↳ db/seeds.rb:12
  [1m[36mPlane Load (0.4ms)[0m  [1m[34mSELECT  "planes".* FROM "planes" WHERE "planes"."id" = $1 LIMIT $2[0m  [["id", 3], ["LIMIT", 1]]
  ↳ db/seeds.rb:12
  [1m[36mFlight Create (0.5ms)[0m  [1m[32mINSERT INTO "flights" ("number", "origin", "destination", "date", "plane_id", "created_at", "updated_at") VALUES ($1, $2, $3, $4, $5, $6, $7) RETURNING "id"[0m  [["number", "LON03"], ["origin", "London"], ["destination", "New York"], ["date", "2019-05-14 00:00:00"], ["plane_id", 3], ["created_at", "2019-05-09 01:01:21.178813"], ["updated_at", "2019-05-09 01:01:21.178813"]]
  ↳ db/seeds.rb:12
  [1m[35m (0.3ms)[0m  [1m[35mCOMMIT[0m
  ↳ db/seeds.rb:12
  [1m[35m (0.2ms)[0m  [1m[35mBEGIN[0m
  ↳ db/seeds.rb:13
  [1m[36mPlane Load (0.5ms)[0m  [1m[34mSELECT  "planes".* FROM "planes" WHERE "planes"."id" = $1 LIMIT $2[0m  [["id", 4], ["LIMIT", 1]]
  ↳ db/seeds.rb:13
  [1m[36mFlight Create (0.6ms)[0m  [1m[32mINSERT INTO "flights" ("number", "origin", "destination", "date", "plane_id", "created_at", "updated_at") VALUES ($1, $2, $3, $4, $5, $6, $7) RETURNING "id"[0m  [["number", "NEW04"], ["origin", "New York"], ["destination", "Sydney"], ["date", "2019-05-15 00:00:00"], ["plane_id", 4], ["created_at", "2019-05-09 01:01:21.182487"], ["updated_at", "2019-05-09 01:01:21.182487"]]
  ↳ db/seeds.rb:13
  [1m[35m (0.5ms)[0m  [1m[35mCOMMIT[0m
  ↳ db/seeds.rb:13
  [1m[35m (1.2ms)[0m  [1m[34mSELECT "schema_migrations"."version" FROM "schema_migrations" ORDER BY "schema_migrations"."version" ASC[0m
  ↳ /Users/ritikagoel/.rvm/rubies/ruby-2.6.2/lib/ruby/gems/2.6.0/gems/rake-12.3.2/lib/rake/task.rb:273
  [1m[36mPlane Load (0.7ms)[0m  [1m[34mSELECT "planes".* FROM "planes"[0m
  ↳ db/seeds.rb:1
  [1m[35m (0.4ms)[0m  [1m[35mBEGIN[0m
  ↳ db/seeds.rb:1
  [1m[36mPlane Destroy (0.8ms)[0m  [1m[31mDELETE FROM "planes" WHERE "planes"."id" = $1[0m  [["id", 1]]
  ↳ db/seeds.rb:1
  [1m[35m (0.6ms)[0m  [1m[35mCOMMIT[0m
  ↳ db/seeds.rb:1
  [1m[35m (0.2ms)[0m  [1m[35mBEGIN[0m
  ↳ db/seeds.rb:1
  [1m[36mPlane Destroy (0.5ms)[0m  [1m[31mDELETE FROM "planes" WHERE "planes"."id" = $1[0m  [["id", 2]]
  ↳ db/seeds.rb:1
  [1m[35m (0.3ms)[0m  [1m[35mCOMMIT[0m
  ↳ db/seeds.rb:1
  [1m[35m (9.3ms)[0m  [1m[35mBEGIN[0m
  ↳ db/seeds.rb:1
  [1m[36mPlane Destroy (0.4ms)[0m  [1m[31mDELETE FROM "planes" WHERE "planes"."id" = $1[0m  [["id", 3]]
  ↳ db/seeds.rb:1
  [1m[35m (0.4ms)[0m  [1m[35mCOMMIT[0m
  ↳ db/seeds.rb:1
  [1m[35m (0.2ms)[0m  [1m[35mBEGIN[0m
  ↳ db/seeds.rb:1
  [1m[36mPlane Destroy (0.4ms)[0m  [1m[31mDELETE FROM "planes" WHERE "planes"."id" = $1[0m  [["id", 4]]
  ↳ db/seeds.rb:1
  [1m[35m (0.4ms)[0m  [1m[35mCOMMIT[0m
  ↳ db/seeds.rb:1
  [1m[35m (0.1ms)[0m  [1m[35mBEGIN[0m
  ↳ db/seeds.rb:1
  [1m[36mPlane Destroy (0.3ms)[0m  [1m[31mDELETE FROM "planes" WHERE "planes"."id" = $1[0m  [["id", 5]]
  ↳ db/seeds.rb:1
  [1m[35m (0.4ms)[0m  [1m[35mCOMMIT[0m
  ↳ db/seeds.rb:1
  [1m[35m (0.2ms)[0m  [1m[35mBEGIN[0m
  ↳ db/seeds.rb:1
  [1m[36mPlane Destroy (0.3ms)[0m  [1m[31mDELETE FROM "planes" WHERE "planes"."id" = $1[0m  [["id", 6]]
  ↳ db/seeds.rb:1
  [1m[35m (0.4ms)[0m  [1m[35mCOMMIT[0m
  ↳ db/seeds.rb:1
  [1m[35m (0.2ms)[0m  [1m[35mBEGIN[0m
  ↳ db/seeds.rb:2
  [1m[36mPlane Create (0.6ms)[0m  [1m[32mINSERT INTO "planes" ("name", "seats", "rows", "columns", "created_at", "updated_at") VALUES ($1, $2, $3, $4, $5, $6) RETURNING "id"[0m  [["name", "Airbus A321"], ["seats", 12], ["rows", 4], ["columns", 3], ["created_at", "2019-05-09 01:02:14.589988"], ["updated_at", "2019-05-09 01:02:14.589988"]]
  ↳ db/seeds.rb:2
  [1m[35m (0.4ms)[0m  [1m[35mCOMMIT[0m
  ↳ db/seeds.rb:2
  [1m[35m (0.2ms)[0m  [1m[35mBEGIN[0m
  ↳ db/seeds.rb:3
  [1m[36mPlane Create (0.6ms)[0m  [1m[32mINSERT INTO "planes" ("name", "seats", "rows", "columns", "created_at", "updated_at") VALUES ($1, $2, $3, $4, $5, $6) RETURNING "id"[0m  [["name", "Atr ATR-76"], ["seats", 15], ["rows", 5], ["columns", 3], ["created_at", "2019-05-09 01:02:14.592704"], ["updated_at", "2019-05-09 01:02:14.592704"]]
  ↳ db/seeds.rb:3
  [1m[35m (0.9ms)[0m  [1m[35mCOMMIT[0m
  ↳ db/seeds.rb:3
  [1m[35m (0.2ms)[0m  [1m[35mBEGIN[0m
  ↳ db/seeds.rb:4
  [1m[36mPlane Create (0.4ms)[0m  [1m[32mINSERT INTO "planes" ("name", "seats", "rows", "columns", "created_at", "updated_at") VALUES ($1, $2, $3, $4, $5, $6) RETURNING "id"[0m  [["name", "Boeing 737-900"], ["seats", 18], ["rows", 6], ["columns", 3], ["created_at", "2019-05-09 01:02:14.595588"], ["updated_at", "2019-05-09 01:02:14.595588"]]
  ↳ db/seeds.rb:4
  [1m[35m (0.4ms)[0m  [1m[35mCOMMIT[0m
  ↳ db/seeds.rb:4
  [1m[35m (0.2ms)[0m  [1m[35mBEGIN[0m
  ↳ db/seeds.rb:5
  [1m[36mPlane Create (0.4ms)[0m  [1m[32mINSERT INTO "planes" ("name", "seats", "rows", "columns", "created_at", "updated_at") VALUES ($1, $2, $3, $4, $5, $6) RETURNING "id"[0m  [["name", "Cessna 402"], ["seats", 9], ["rows", 3], ["columns", 3], ["created_at", "2019-05-09 01:02:14.597708"], ["updated_at", "2019-05-09 01:02:14.597708"]]
  ↳ db/seeds.rb:5
  [1m[35m (0.4ms)[0m  [1m[35mCOMMIT[0m
  ↳ db/seeds.rb:5
  [1m[35m (0.2ms)[0m  [1m[35mBEGIN[0m
  ↳ db/seeds.rb:6
  [1m[36mPlane Create (0.4ms)[0m  [1m[32mINSERT INTO "planes" ("name", "seats", "rows", "columns", "created_at", "updated_at") VALUES ($1, $2, $3, $4, $5, $6) RETURNING "id"[0m  [["name", "Embraer 190"], ["seats", 15], ["rows", 5], ["columns", 3], ["created_at", "2019-05-09 01:02:14.599795"], ["updated_at", "2019-05-09 01:02:14.599795"]]
  ↳ db/seeds.rb:6
  [1m[35m (0.4ms)[0m  [1m[35mCOMMIT[0m
  ↳ db/seeds.rb:6
  [1m[35m (0.2ms)[0m  [1m[35mBEGIN[0m
  ↳ db/seeds.rb:7
  [1m[36mPlane Create (0.5ms)[0m  [1m[32mINSERT INTO "planes" ("name", "seats", "rows", "columns", "created_at", "updated_at") VALUES ($1, $2, $3, $4, $5, $6) RETURNING "id"[0m  [["name", "Boeing 737-900"], ["seats", 12], ["rows", 4], ["columns", 3], ["created_at", "2019-05-09 01:02:14.602000"], ["updated_at", "2019-05-09 01:02:14.602000"]]
  ↳ db/seeds.rb:7
  [1m[35m (0.4ms)[0m  [1m[35mCOMMIT[0m
  ↳ db/seeds.rb:7
  [1m[36mFlight Load (0.8ms)[0m  [1m[34mSELECT "flights".* FROM "flights"[0m
  ↳ db/seeds.rb:9
  [1m[35m (0.2ms)[0m  [1m[35mBEGIN[0m
  ↳ db/seeds.rb:9
  [1m[36mFlight Destroy (0.5ms)[0m  [1m[31mDELETE FROM "flights" WHERE "flights"."id" = $1[0m  [["id", 1]]
  ↳ db/seeds.rb:9
  [1m[35m (0.5ms)[0m  [1m[35mCOMMIT[0m
  ↳ db/seeds.rb:9
  [1m[35m (0.5ms)[0m  [1m[35mBEGIN[0m
  ↳ db/seeds.rb:9
  [1m[36mFlight Destroy (0.6ms)[0m  [1m[31mDELETE FROM "flights" WHERE "flights"."id" = $1[0m  [["id", 2]]
  ↳ db/seeds.rb:9
  [1m[35m (0.5ms)[0m  [1m[35mCOMMIT[0m
  ↳ db/seeds.rb:9
  [1m[35m (0.2ms)[0m  [1m[35mBEGIN[0m
  ↳ db/seeds.rb:9
  [1m[36mFlight Destroy (0.3ms)[0m  [1m[31mDELETE FROM "flights" WHERE "flights"."id" = $1[0m  [["id", 3]]
  ↳ db/seeds.rb:9
  [1m[35m (0.5ms)[0m  [1m[35mCOMMIT[0m
  ↳ db/seeds.rb:9
  [1m[35m (0.2ms)[0m  [1m[35mBEGIN[0m
  ↳ db/seeds.rb:9
  [1m[36mFlight Destroy (0.4ms)[0m  [1m[31mDELETE FROM "flights" WHERE "flights"."id" = $1[0m  [["id", 4]]
  ↳ db/seeds.rb:9
  [1m[35m (0.4ms)[0m  [1m[35mCOMMIT[0m
  ↳ db/seeds.rb:9
  [1m[35m (0.2ms)[0m  [1m[35mBEGIN[0m
  ↳ db/seeds.rb:10
  [1m[36mPlane Load (0.3ms)[0m  [1m[34mSELECT  "planes".* FROM "planes" WHERE "planes"."id" = $1 LIMIT $2[0m  [["id", 1], ["LIMIT", 1]]
  ↳ db/seeds.rb:10
  [1m[35m (0.2ms)[0m  [1m[31mROLLBACK[0m
  ↳ db/seeds.rb:10
  [1m[35m (0.2ms)[0m  [1m[35mBEGIN[0m
  ↳ db/seeds.rb:11
  [1m[36mPlane Load (0.4ms)[0m  [1m[34mSELECT  "planes".* FROM "planes" WHERE "planes"."id" = $1 LIMIT $2[0m  [["id", 2], ["LIMIT", 1]]
  ↳ db/seeds.rb:11
  [1m[35m (0.3ms)[0m  [1m[31mROLLBACK[0m
  ↳ db/seeds.rb:11
  [1m[35m (0.2ms)[0m  [1m[35mBEGIN[0m
  ↳ db/seeds.rb:12
  [1m[36mPlane Load (0.5ms)[0m  [1m[34mSELECT  "planes".* FROM "planes" WHERE "planes"."id" = $1 LIMIT $2[0m  [["id", 3], ["LIMIT", 1]]
  ↳ db/seeds.rb:12
  [1m[35m (0.3ms)[0m  [1m[31mROLLBACK[0m
  ↳ db/seeds.rb:12
  [1m[35m (0.2ms)[0m  [1m[35mBEGIN[0m
  ↳ db/seeds.rb:13
  [1m[36mPlane Load (0.4ms)[0m  [1m[34mSELECT  "planes".* FROM "planes" WHERE "planes"."id" = $1 LIMIT $2[0m  [["id", 4], ["LIMIT", 1]]
  ↳ db/seeds.rb:13
  [1m[35m (0.3ms)[0m  [1m[31mROLLBACK[0m
  ↳ db/seeds.rb:13
  [1m[36mUser Load (0.9ms)[0m  [1m[34mSELECT "users".* FROM "users"[0m
  ↳ db/seeds.rb:15
  [1m[35m (0.2ms)[0m  [1m[35mBEGIN[0m
  ↳ db/seeds.rb:16
  [1m[36mUser Create (0.7ms)[0m  [1m[32mINSERT INTO "users" ("fname", "lname", "email", "password_digest", "admin", "created_at", "updated_at") VALUES ($1, $2, $3, $4, $5, $6, $7) RETURNING "id"[0m  [["fname", "Luke"], ["lname", "Firth"], ["email", "luke@ga.co"], ["password_digest", "chicken"], ["admin", true], ["created_at", "2019-05-09 01:02:14.674710"], ["updated_at", "2019-05-09 01:02:14.674710"]]
  ↳ db/seeds.rb:16
  [1m[35m (0.4ms)[0m  [1m[35mCOMMIT[0m
  ↳ db/seeds.rb:16
  [1m[35m (0.2ms)[0m  [1m[35mBEGIN[0m
  ↳ db/seeds.rb:17
  [1m[36mUser Create (0.4ms)[0m  [1m[32mINSERT INTO "users" ("fname", "lname", "email", "password_digest", "admin", "created_at", "updated_at") VALUES ($1, $2, $3, $4, $5, $6, $7) RETURNING "id"[0m  [["fname", "Adlan"], ["lname", "Elias"], ["email", "adlan@ga.co"], ["password_digest", "chicken"], ["admin", true], ["created_at", "2019-05-09 01:02:14.677901"], ["updated_at", "2019-05-09 01:02:14.677901"]]
  ↳ db/seeds.rb:17
  [1m[35m (0.4ms)[0m  [1m[35mCOMMIT[0m
  ↳ db/seeds.rb:17
  [1m[35m (0.3ms)[0m  [1m[35mBEGIN[0m
  ↳ db/seeds.rb:18
  [1m[36mUser Create (0.3ms)[0m  [1m[32mINSERT INTO "users" ("fname", "lname", "email", "password_digest", "admin", "created_at", "updated_at") VALUES ($1, $2, $3, $4, $5, $6, $7) RETURNING "id"[0m  [["fname", "Ritika"], ["lname", "Goel"], ["email", "ritika@ga.co"], ["password_digest", "chicken"], ["admin", true], ["created_at", "2019-05-09 01:02:14.680620"], ["updated_at", "2019-05-09 01:02:14.680620"]]
  ↳ db/seeds.rb:18
  [1m[35m (0.5ms)[0m  [1m[35mCOMMIT[0m
  ↳ db/seeds.rb:18
  [1m[35m (0.3ms)[0m  [1m[35mBEGIN[0m
  ↳ db/seeds.rb:19
  [1m[36mUser Create (0.5ms)[0m  [1m[32mINSERT INTO "users" ("fname", "lname", "email", "password_digest", "admin", "created_at", "updated_at") VALUES ($1, $2, $3, $4, $5, $6, $7) RETURNING "id"[0m  [["fname", "John"], ["lname", "Snow"], ["email", "john@gmail.com"], ["password_digest", "chicken"], ["admin", false], ["created_at", "2019-05-09 01:02:14.683180"], ["updated_at", "2019-05-09 01:02:14.683180"]]
  ↳ db/seeds.rb:19
  [1m[35m (0.4ms)[0m  [1m[35mCOMMIT[0m
  ↳ db/seeds.rb:19
  [1m[35m (0.2ms)[0m  [1m[35mBEGIN[0m
  ↳ db/seeds.rb:20
  [1m[36mUser Create (0.4ms)[0m  [1m[32mINSERT INTO "users" ("fname", "lname", "email", "password_digest", "admin", "created_at", "updated_at") VALUES ($1, $2, $3, $4, $5, $6, $7) RETURNING "id"[0m  [["fname", "Bran"], ["lname", "Stark"], ["email", "bran@gmail.com"], ["password_digest", "chicken"], ["admin", false], ["created_at", "2019-05-09 01:02:14.685579"], ["updated_at", "2019-05-09 01:02:14.685579"]]
  ↳ db/seeds.rb:20
  [1m[35m (0.4ms)[0m  [1m[35mCOMMIT[0m
  ↳ db/seeds.rb:20
  [1m[36mReservation Load (0.8ms)[0m  [1m[34mSELECT "reservations".* FROM "reservations"[0m
  ↳ db/seeds.rb:22
  [1m[35m (0.3ms)[0m  [1m[35mBEGIN[0m
  ↳ db/seeds.rb:23
  [1m[36mUser Load (0.4ms)[0m  [1m[34mSELECT  "users".* FROM "users" WHERE "users"."id" = $1 LIMIT $2[0m  [["id", 1], ["LIMIT", 1]]
  ↳ db/seeds.rb:23
  [1m[36mFlight Load (0.5ms)[0m  [1m[34mSELECT  "flights".* FROM "flights" WHERE "flights"."id" = $1 LIMIT $2[0m  [["id", 1], ["LIMIT", 1]]
  ↳ db/seeds.rb:23
  [1m[35m (0.2ms)[0m  [1m[31mROLLBACK[0m
  ↳ db/seeds.rb:23
  [1m[35m (0.2ms)[0m  [1m[35mBEGIN[0m
  ↳ db/seeds.rb:24
  [1m[36mUser Load (1.5ms)[0m  [1m[34mSELECT  "users".* FROM "users" WHERE "users"."id" = $1 LIMIT $2[0m  [["id", 2], ["LIMIT", 1]]
  ↳ db/seeds.rb:24
  [1m[36mFlight Load (0.4ms)[0m  [1m[34mSELECT  "flights".* FROM "flights" WHERE "flights"."id" = $1 LIMIT $2[0m  [["id", 1], ["LIMIT", 1]]
  ↳ db/seeds.rb:24
  [1m[35m (0.2ms)[0m  [1m[31mROLLBACK[0m
  ↳ db/seeds.rb:24
  [1m[35m (0.3ms)[0m  [1m[35mBEGIN[0m
  ↳ db/seeds.rb:25
  [1m[36mUser Load (0.4ms)[0m  [1m[34mSELECT  "users".* FROM "users" WHERE "users"."id" = $1 LIMIT $2[0m  [["id", 3], ["LIMIT", 1]]
  ↳ db/seeds.rb:25
  [1m[36mFlight Load (0.3ms)[0m  [1m[34mSELECT  "flights".* FROM "flights" WHERE "flights"."id" = $1 LIMIT $2[0m  [["id", 1], ["LIMIT", 1]]
  ↳ db/seeds.rb:25
  [1m[35m (0.4ms)[0m  [1m[31mROLLBACK[0m
  ↳ db/seeds.rb:25
  [1m[35m (0.2ms)[0m  [1m[35mBEGIN[0m
  ↳ db/seeds.rb:26
  [1m[36mUser Load (0.7ms)[0m  [1m[34mSELECT  "users".* FROM "users" WHERE "users"."id" = $1 LIMIT $2[0m  [["id", 4], ["LIMIT", 1]]
  ↳ db/seeds.rb:26
  [1m[36mFlight Load (0.4ms)[0m  [1m[34mSELECT  "flights".* FROM "flights" WHERE "flights"."id" = $1 LIMIT $2[0m  [["id", 1], ["LIMIT", 1]]
  ↳ db/seeds.rb:26
  [1m[35m (2.0ms)[0m  [1m[31mROLLBACK[0m
  ↳ db/seeds.rb:26
  [1m[35m (0.3ms)[0m  [1m[35mBEGIN[0m
  ↳ db/seeds.rb:27
  [1m[36mUser Load (0.4ms)[0m  [1m[34mSELECT  "users".* FROM "users" WHERE "users"."id" = $1 LIMIT $2[0m  [["id", 5], ["LIMIT", 1]]
  ↳ db/seeds.rb:27
  [1m[36mFlight Load (0.4ms)[0m  [1m[34mSELECT  "flights".* FROM "flights" WHERE "flights"."id" = $1 LIMIT $2[0m  [["id", 1], ["LIMIT", 1]]
  ↳ db/seeds.rb:27
  [1m[35m (0.2ms)[0m  [1m[31mROLLBACK[0m
  ↳ db/seeds.rb:27
  [1m[35m (0.2ms)[0m  [1m[35mBEGIN[0m
  ↳ db/seeds.rb:28
  [1m[36mUser Load (0.4ms)[0m  [1m[34mSELECT  "users".* FROM "users" WHERE "users"."id" = $1 LIMIT $2[0m  [["id", 1], ["LIMIT", 1]]
  ↳ db/seeds.rb:28
  [1m[36mFlight Load (1.8ms)[0m  [1m[34mSELECT  "flights".* FROM "flights" WHERE "flights"."id" = $1 LIMIT $2[0m  [["id", 2], ["LIMIT", 1]]
  ↳ db/seeds.rb:28
  [1m[35m (0.3ms)[0m  [1m[31mROLLBACK[0m
  ↳ db/seeds.rb:28
  [1m[35m (0.2ms)[0m  [1m[35mBEGIN[0m
  ↳ db/seeds.rb:29
  [1m[36mUser Load (0.4ms)[0m  [1m[34mSELECT  "users".* FROM "users" WHERE "users"."id" = $1 LIMIT $2[0m  [["id", 2], ["LIMIT", 1]]
  ↳ db/seeds.rb:29
  [1m[36mFlight Load (1.0ms)[0m  [1m[34mSELECT  "flights".* FROM "flights" WHERE "flights"."id" = $1 LIMIT $2[0m  [["id", 2], ["LIMIT", 1]]
  ↳ db/seeds.rb:29
  [1m[35m (0.3ms)[0m  [1m[31mROLLBACK[0m
  ↳ db/seeds.rb:29
  [1m[35m (0.2ms)[0m  [1m[35mBEGIN[0m
  ↳ db/seeds.rb:30
  [1m[36mUser Load (1.3ms)[0m  [1m[34mSELECT  "users".* FROM "users" WHERE "users"."id" = $1 LIMIT $2[0m  [["id", 3], ["LIMIT", 1]]
  ↳ db/seeds.rb:30
  [1m[36mFlight Load (0.4ms)[0m  [1m[34mSELECT  "flights".* FROM "flights" WHERE "flights"."id" = $1 LIMIT $2[0m  [["id", 2], ["LIMIT", 1]]
  ↳ db/seeds.rb:30
  [1m[35m (0.4ms)[0m  [1m[31mROLLBACK[0m
  ↳ db/seeds.rb:30
  [1m[35m (0.2ms)[0m  [1m[35mBEGIN[0m
  ↳ db/seeds.rb:31
  [1m[36mUser Load (1.1ms)[0m  [1m[34mSELECT  "users".* FROM "users" WHERE "users"."id" = $1 LIMIT $2[0m  [["id", 4], ["LIMIT", 1]]
  ↳ db/seeds.rb:31
  [1m[36mFlight Load (0.3ms)[0m  [1m[34mSELECT  "flights".* FROM "flights" WHERE "flights"."id" = $1 LIMIT $2[0m  [["id", 2], ["LIMIT", 1]]
  ↳ db/seeds.rb:31
  [1m[35m (0.4ms)[0m  [1m[31mROLLBACK[0m
  ↳ db/seeds.rb:31
  [1m[35m (0.3ms)[0m  [1m[35mBEGIN[0m
  ↳ db/seeds.rb:32
  [1m[36mUser Load (0.4ms)[0m  [1m[34mSELECT  "users".* FROM "users" WHERE "users"."id" = $1 LIMIT $2[0m  [["id", 5], ["LIMIT", 1]]
  ↳ db/seeds.rb:32
  [1m[36mFlight Load (1.2ms)[0m  [1m[34mSELECT  "flights".* FROM "flights" WHERE "flights"."id" = $1 LIMIT $2[0m  [["id", 2], ["LIMIT", 1]]
  ↳ db/seeds.rb:32
  [1m[35m (0.2ms)[0m  [1m[31mROLLBACK[0m
  ↳ db/seeds.rb:32
  [1m[35m (0.2ms)[0m  [1m[35mBEGIN[0m
  ↳ db/seeds.rb:33
  [1m[36mUser Load (0.3ms)[0m  [1m[34mSELECT  "users".* FROM "users" WHERE "users"."id" = $1 LIMIT $2[0m  [["id", 1], ["LIMIT", 1]]
  ↳ db/seeds.rb:33
  [1m[36mFlight Load (0.4ms)[0m  [1m[34mSELECT  "flights".* FROM "flights" WHERE "flights"."id" = $1 LIMIT $2[0m  [["id", 3], ["LIMIT", 1]]
  ↳ db/seeds.rb:33
  [1m[35m (1.0ms)[0m  [1m[31mROLLBACK[0m
  ↳ db/seeds.rb:33
  [1m[35m (1.1ms)[0m  [1m[35mBEGIN[0m
  ↳ db/seeds.rb:34
  [1m[36mUser Load (0.4ms)[0m  [1m[34mSELECT  "users".* FROM "users" WHERE "users"."id" = $1 LIMIT $2[0m  [["id", 2], ["LIMIT", 1]]
  ↳ db/seeds.rb:34
  [1m[36mFlight Load (0.4ms)[0m  [1m[34mSELECT  "flights".* FROM "flights" WHERE "flights"."id" = $1 LIMIT $2[0m  [["id", 3], ["LIMIT", 1]]
  ↳ db/seeds.rb:34
  [1m[35m (0.3ms)[0m  [1m[31mROLLBACK[0m
  ↳ db/seeds.rb:34
  [1m[35m (0.2ms)[0m  [1m[35mBEGIN[0m
  ↳ db/seeds.rb:35
  [1m[36mUser Load (0.4ms)[0m  [1m[34mSELECT  "users".* FROM "users" WHERE "users"."id" = $1 LIMIT $2[0m  [["id", 3], ["LIMIT", 1]]
  ↳ db/seeds.rb:35
  [1m[36mFlight Load (1.2ms)[0m  [1m[34mSELECT  "flights".* FROM "flights" WHERE "flights"."id" = $1 LIMIT $2[0m  [["id", 4], ["LIMIT", 1]]
  ↳ db/seeds.rb:35
  [1m[35m (0.3ms)[0m  [1m[31mROLLBACK[0m
  ↳ db/seeds.rb:35
  [1m[35m (0.3ms)[0m  [1m[35mBEGIN[0m
  ↳ db/seeds.rb:36
  [1m[36mUser Load (0.3ms)[0m  [1m[34mSELECT  "users".* FROM "users" WHERE "users"."id" = $1 LIMIT $2[0m  [["id", 4], ["LIMIT", 1]]
  ↳ db/seeds.rb:36
  [1m[36mFlight Load (0.4ms)[0m  [1m[34mSELECT  "flights".* FROM "flights" WHERE "flights"."id" = $1 LIMIT $2[0m  [["id", 4], ["LIMIT", 1]]
  ↳ db/seeds.rb:36
  [1m[35m (0.3ms)[0m  [1m[31mROLLBACK[0m
  ↳ db/seeds.rb:36
  [1m[35m (0.2ms)[0m  [1m[35mBEGIN[0m
  ↳ db/seeds.rb:45
  [1m[36mFlight Create (0.7ms)[0m  [1m[32mINSERT INTO "flights" ("number", "origin", "destination", "date", "plane_id", "created_at", "updated_at") VALUES ($1, $2, $3, $4, $5, $6, $7) RETURNING "id"[0m  [["number", "SYD01"], ["origin", "Sydney"], ["destination", "London"], ["date", "2019-05-12 00:00:00"], ["plane_id", 7], ["created_at", "2019-05-09 01:02:14.826484"], ["updated_at", "2019-05-09 01:02:14.826484"]]
  ↳ db/seeds.rb:45
  [1m[35m (0.4ms)[0m  [1m[35mCOMMIT[0m
  ↳ db/seeds.rb:45
  [1m[35m (0.3ms)[0m  [1m[35mBEGIN[0m
  ↳ db/seeds.rb:46
  [1m[36mFlight Create (0.4ms)[0m  [1m[32mINSERT INTO "flights" ("number", "origin", "destination", "date", "plane_id", "created_at", "updated_at") VALUES ($1, $2, $3, $4, $5, $6, $7) RETURNING "id"[0m  [["number", "LON02"], ["origin", "London"], ["destination", "New York"], ["date", "2019-05-13 00:00:00"], ["plane_id", 8], ["created_at", "2019-05-09 01:02:14.830663"], ["updated_at", "2019-05-09 01:02:14.830663"]]
  ↳ db/seeds.rb:46
  [1m[35m (0.6ms)[0m  [1m[35mCOMMIT[0m
  ↳ db/seeds.rb:46
  [1m[35m (0.2ms)[0m  [1m[35mBEGIN[0m
  ↳ db/seeds.rb:47
  [1m[36mFlight Create (0.5ms)[0m  [1m[32mINSERT INTO "flights" ("number", "origin", "destination", "date", "plane_id", "created_at", "updated_at") VALUES ($1, $2, $3, $4, $5, $6, $7) RETURNING "id"[0m  [["number", "LON03"], ["origin", "London"], ["destination", "New York"], ["date", "2019-05-14 00:00:00"], ["plane_id", 9], ["created_at", "2019-05-09 01:02:14.834179"], ["updated_at", "2019-05-09 01:02:14.834179"]]
  ↳ db/seeds.rb:47
  [1m[35m (0.6ms)[0m  [1m[35mCOMMIT[0m
  ↳ db/seeds.rb:47
  [1m[35m (0.3ms)[0m  [1m[35mBEGIN[0m
  ↳ db/seeds.rb:48
  [1m[36mFlight Create (0.4ms)[0m  [1m[32mINSERT INTO "flights" ("number", "origin", "destination", "date", "plane_id", "created_at", "updated_at") VALUES ($1, $2, $3, $4, $5, $6, $7) RETURNING "id"[0m  [["number", "NEW04"], ["origin", "New York"], ["destination", "Sydney"], ["date", "2019-05-15 00:00:00"], ["plane_id", 10], ["created_at", "2019-05-09 01:02:14.837550"], ["updated_at", "2019-05-09 01:02:14.837550"]]
  ↳ db/seeds.rb:48
  [1m[35m (0.5ms)[0m  [1m[35mCOMMIT[0m
  ↳ db/seeds.rb:48
  [1m[35m (0.4ms)[0m  [1m[35mBEGIN[0m
  ↳ db/seeds.rb:51
  [1m[35m (0.3ms)[0m  [1m[31mROLLBACK[0m
  ↳ db/seeds.rb:51
  [1m[35m (1.1ms)[0m  [1m[34mSELECT "schema_migrations"."version" FROM "schema_migrations" ORDER BY "schema_migrations"."version" ASC[0m
  ↳ /Users/ritikagoel/.rvm/rubies/ruby-2.6.2/lib/ruby/gems/2.6.0/gems/rake-12.3.2/lib/rake/task.rb:273
  [1m[35m (0.6ms)[0m  [1m[34mSELECT "ar_internal_metadata"."value" FROM "ar_internal_metadata" WHERE "ar_internal_metadata"."key" = $1[0m  [["key", "environment"]]
  ↳ /Users/ritikagoel/.rvm/rubies/ruby-2.6.2/lib/ruby/gems/2.6.0/gems/rake-12.3.2/lib/rake/task.rb:273
  [1m[35m (0.5ms)[0m  [1m[34mSELECT "schema_migrations"."version" FROM "schema_migrations" ORDER BY "schema_migrations"."version" ASC[0m
  ↳ /Users/ritikagoel/.rvm/rubies/ruby-2.6.2/lib/ruby/gems/2.6.0/gems/rake-12.3.2/lib/rake/task.rb:273
  [1m[35m (0.3ms)[0m  [1m[34mSELECT "ar_internal_metadata"."value" FROM "ar_internal_metadata" WHERE "ar_internal_metadata"."key" = $1[0m  [["key", "environment"]]
  ↳ /Users/ritikagoel/.rvm/rubies/ruby-2.6.2/lib/ruby/gems/2.6.0/gems/rake-12.3.2/lib/rake/task.rb:273
  [1m[35m (0.3ms)[0m  [1m[34mSELECT "schema_migrations"."version" FROM "schema_migrations" ORDER BY "schema_migrations"."version" ASC[0m
  ↳ /Users/ritikagoel/.rvm/rubies/ruby-2.6.2/lib/ruby/gems/2.6.0/gems/rake-12.3.2/lib/rake/task.rb:273
  [1m[35m (0.4ms)[0m  [1m[34mSELECT "ar_internal_metadata"."value" FROM "ar_internal_metadata" WHERE "ar_internal_metadata"."key" = $1[0m  [["key", "environment"]]
  ↳ /Users/ritikagoel/.rvm/rubies/ruby-2.6.2/lib/ruby/gems/2.6.0/gems/rake-12.3.2/lib/rake/task.rb:273
  [1m[35m (133.5ms)[0m  [1m[35mDROP DATABASE IF EXISTS "AirRAiL_development"[0m
  ↳ /Users/ritikagoel/.rvm/rubies/ruby-2.6.2/lib/ruby/gems/2.6.0/gems/rake-12.3.2/lib/rake/task.rb:273
  [1m[35m (136.7ms)[0m  [1m[35mDROP DATABASE IF EXISTS "AirRAiL_test"[0m
  ↳ /Users/ritikagoel/.rvm/rubies/ruby-2.6.2/lib/ruby/gems/2.6.0/gems/rake-12.3.2/lib/rake/task.rb:273
  [1m[35m (336.0ms)[0m  [1m[35mCREATE DATABASE "AirRAiL_development" ENCODING = 'unicode'[0m
  ↳ /Users/ritikagoel/.rvm/rubies/ruby-2.6.2/lib/ruby/gems/2.6.0/gems/rake-12.3.2/lib/rake/task.rb:273
  [1m[35m (283.5ms)[0m  [1m[35mCREATE DATABASE "AirRAiL_test" ENCODING = 'unicode'[0m
  ↳ /Users/ritikagoel/.rvm/rubies/ruby-2.6.2/lib/ruby/gems/2.6.0/gems/rake-12.3.2/lib/rake/task.rb:273
  [1m[35m (9.2ms)[0m  [1m[35mCREATE TABLE "schema_migrations" ("version" character varying NOT NULL PRIMARY KEY)[0m
  ↳ /Users/ritikagoel/.rvm/rubies/ruby-2.6.2/lib/ruby/gems/2.6.0/gems/rake-12.3.2/lib/rake/task.rb:273
  [1m[35m (3.5ms)[0m  [1m[35mCREATE TABLE "ar_internal_metadata" ("key" character varying NOT NULL PRIMARY KEY, "value" character varying, "created_at" timestamp NOT NULL, "updated_at" timestamp NOT NULL)[0m
  ↳ /Users/ritikagoel/.rvm/rubies/ruby-2.6.2/lib/ruby/gems/2.6.0/gems/rake-12.3.2/lib/rake/task.rb:273
  [1m[35m (0.5ms)[0m  [1m[34mSELECT pg_try_advisory_lock(1769054376350425710)[0m
  ↳ /Users/ritikagoel/.rvm/rubies/ruby-2.6.2/lib/ruby/gems/2.6.0/gems/rake-12.3.2/lib/rake/task.rb:273
  [1m[35m (9.7ms)[0m  [1m[34mSELECT "schema_migrations"."version" FROM "schema_migrations" ORDER BY "schema_migrations"."version" ASC[0m
  ↳ /Users/ritikagoel/.rvm/rubies/ruby-2.6.2/lib/ruby/gems/2.6.0/gems/rake-12.3.2/lib/rake/task.rb:273
Migrating to CreateAirports (20190509004831)
  [1m[35m (0.2ms)[0m  [1m[35mBEGIN[0m
  ↳ /Users/ritikagoel/.rvm/rubies/ruby-2.6.2/lib/ruby/gems/2.6.0/gems/rake-12.3.2/lib/rake/task.rb:273
  [1m[35m (5.2ms)[0m  [1m[35mCREATE TABLE "airports" ("id" bigserial primary key, "name" text, "code" text, "created_at" timestamp NOT NULL, "updated_at" timestamp NOT NULL)[0m
  ↳ db/migrate/20190509004831_create_airports.rb:3
  [1m[36mActiveRecord::SchemaMigration Create (0.7ms)[0m  [1m[32mINSERT INTO "schema_migrations" ("version") VALUES ($1) RETURNING "version"[0m  [["version", "20190509004831"]]
  ↳ /Users/ritikagoel/.rvm/rubies/ruby-2.6.2/lib/ruby/gems/2.6.0/gems/rake-12.3.2/lib/rake/task.rb:273
  [1m[35m (1.0ms)[0m  [1m[35mCOMMIT[0m
  ↳ /Users/ritikagoel/.rvm/rubies/ruby-2.6.2/lib/ruby/gems/2.6.0/gems/rake-12.3.2/lib/rake/task.rb:273
Migrating to CreateFlights (20190509005231)
  [1m[35m (0.5ms)[0m  [1m[35mBEGIN[0m
  ↳ /Users/ritikagoel/.rvm/rubies/ruby-2.6.2/lib/ruby/gems/2.6.0/gems/rake-12.3.2/lib/rake/task.rb:273
  [1m[35m (4.2ms)[0m  [1m[35mCREATE TABLE "flights" ("id" bigserial primary key, "number" text, "origin" text, "destination" text, "date" timestamp, "plane_id" integer, "created_at" timestamp NOT NULL, "updated_at" timestamp NOT NULL)[0m
  ↳ db/migrate/20190509005231_create_flights.rb:3
  [1m[36mActiveRecord::SchemaMigration Create (0.5ms)[0m  [1m[32mINSERT INTO "schema_migrations" ("version") VALUES ($1) RETURNING "version"[0m  [["version", "20190509005231"]]
  ↳ /Users/ritikagoel/.rvm/rubies/ruby-2.6.2/lib/ruby/gems/2.6.0/gems/rake-12.3.2/lib/rake/task.rb:273
  [1m[35m (0.5ms)[0m  [1m[35mCOMMIT[0m
  ↳ /Users/ritikagoel/.rvm/rubies/ruby-2.6.2/lib/ruby/gems/2.6.0/gems/rake-12.3.2/lib/rake/task.rb:273
Migrating to CreatePlanes (20190509005321)
  [1m[35m (0.5ms)[0m  [1m[35mBEGIN[0m
  ↳ /Users/ritikagoel/.rvm/rubies/ruby-2.6.2/lib/ruby/gems/2.6.0/gems/rake-12.3.2/lib/rake/task.rb:273
  [1m[35m (5.7ms)[0m  [1m[35mCREATE TABLE "planes" ("id" bigserial primary key, "name" text, "seats" integer, "rows" integer, "columns" integer, "created_at" timestamp NOT NULL, "updated_at" timestamp NOT NULL)[0m
  ↳ db/migrate/20190509005321_create_planes.rb:3
  [1m[36mActiveRecord::SchemaMigration Create (0.6ms)[0m  [1m[32mINSERT INTO "schema_migrations" ("version") VALUES ($1) RETURNING "version"[0m  [["version", "20190509005321"]]
  ↳ /Users/ritikagoel/.rvm/rubies/ruby-2.6.2/lib/ruby/gems/2.6.0/gems/rake-12.3.2/lib/rake/task.rb:273
  [1m[35m (0.7ms)[0m  [1m[35mCOMMIT[0m
  ↳ /Users/ritikagoel/.rvm/rubies/ruby-2.6.2/lib/ruby/gems/2.6.0/gems/rake-12.3.2/lib/rake/task.rb:273
Migrating to CreateReservations (20190509005354)
  [1m[35m (0.5ms)[0m  [1m[35mBEGIN[0m
  ↳ /Users/ritikagoel/.rvm/rubies/ruby-2.6.2/lib/ruby/gems/2.6.0/gems/rake-12.3.2/lib/rake/task.rb:273
  [1m[35m (6.1ms)[0m  [1m[35mCREATE TABLE "reservations" ("id" bigserial primary key, "user_id" integer, "flight_id" integer, "seat" text, "created_at" timestamp NOT NULL, "updated_at" timestamp NOT NULL)[0m
  ↳ db/migrate/20190509005354_create_reservations.rb:3
  [1m[36mActiveRecord::SchemaMigration Create (0.6ms)[0m  [1m[32mINSERT INTO "schema_migrations" ("version") VALUES ($1) RETURNING "version"[0m  [["version", "20190509005354"]]
  ↳ /Users/ritikagoel/.rvm/rubies/ruby-2.6.2/lib/ruby/gems/2.6.0/gems/rake-12.3.2/lib/rake/task.rb:273
  [1m[35m (17.8ms)[0m  [1m[35mCOMMIT[0m
  ↳ /Users/ritikagoel/.rvm/rubies/ruby-2.6.2/lib/ruby/gems/2.6.0/gems/rake-12.3.2/lib/rake/task.rb:273
Migrating to CreateUsers (20190509005427)
  [1m[35m (0.6ms)[0m  [1m[35mBEGIN[0m
  ↳ /Users/ritikagoel/.rvm/rubies/ruby-2.6.2/lib/ruby/gems/2.6.0/gems/rake-12.3.2/lib/rake/task.rb:273
  [1m[35m (6.3ms)[0m  [1m[35mCREATE TABLE "users" ("id" bigserial primary key, "fname" text, "lname" text, "email" text, "password_digest" text, "admin" boolean, "created_at" timestamp NOT NULL, "updated_at" timestamp NOT NULL)[0m
  ↳ db/migrate/20190509005427_create_users.rb:3
  [1m[36mActiveRecord::SchemaMigration Create (0.5ms)[0m  [1m[32mINSERT INTO "schema_migrations" ("version") VALUES ($1) RETURNING "version"[0m  [["version", "20190509005427"]]
  ↳ /Users/ritikagoel/.rvm/rubies/ruby-2.6.2/lib/ruby/gems/2.6.0/gems/rake-12.3.2/lib/rake/task.rb:273
  [1m[35m (0.5ms)[0m  [1m[35mCOMMIT[0m
  ↳ /Users/ritikagoel/.rvm/rubies/ruby-2.6.2/lib/ruby/gems/2.6.0/gems/rake-12.3.2/lib/rake/task.rb:273
  [1m[36mActiveRecord::InternalMetadata Load (0.7ms)[0m  [1m[34mSELECT  "ar_internal_metadata".* FROM "ar_internal_metadata" WHERE "ar_internal_metadata"."key" = $1 LIMIT $2[0m  [["key", "environment"], ["LIMIT", 1]]
  ↳ /Users/ritikagoel/.rvm/rubies/ruby-2.6.2/lib/ruby/gems/2.6.0/gems/rake-12.3.2/lib/rake/task.rb:273
  [1m[35m (0.3ms)[0m  [1m[35mBEGIN[0m
  ↳ /Users/ritikagoel/.rvm/rubies/ruby-2.6.2/lib/ruby/gems/2.6.0/gems/rake-12.3.2/lib/rake/task.rb:273
  [1m[36mActiveRecord::InternalMetadata Create (0.8ms)[0m  [1m[32mINSERT INTO "ar_internal_metadata" ("key", "value", "created_at", "updated_at") VALUES ($1, $2, $3, $4) RETURNING "key"[0m  [["key", "environment"], ["value", "development"], ["created_at", "2019-05-09 01:03:22.114278"], ["updated_at", "2019-05-09 01:03:22.114278"]]
  ↳ /Users/ritikagoel/.rvm/rubies/ruby-2.6.2/lib/ruby/gems/2.6.0/gems/rake-12.3.2/lib/rake/task.rb:273
  [1m[35m (0.8ms)[0m  [1m[35mCOMMIT[0m
  ↳ /Users/ritikagoel/.rvm/rubies/ruby-2.6.2/lib/ruby/gems/2.6.0/gems/rake-12.3.2/lib/rake/task.rb:273
  [1m[35m (0.4ms)[0m  [1m[34mSELECT pg_advisory_unlock(1769054376350425710)[0m
  ↳ /Users/ritikagoel/.rvm/rubies/ruby-2.6.2/lib/ruby/gems/2.6.0/gems/rake-12.3.2/lib/rake/task.rb:273
  [1m[35m (1.0ms)[0m  [1m[34mSELECT "schema_migrations"."version" FROM "schema_migrations" ORDER BY "schema_migrations"."version" ASC[0m
  ↳ /Users/ritikagoel/.rvm/rubies/ruby-2.6.2/lib/ruby/gems/2.6.0/gems/rake-12.3.2/lib/rake/task.rb:273
  [1m[35m (1.0ms)[0m  [1m[34mSELECT "schema_migrations"."version" FROM "schema_migrations" ORDER BY "schema_migrations"."version" ASC[0m
  ↳ /Users/ritikagoel/.rvm/rubies/ruby-2.6.2/lib/ruby/gems/2.6.0/gems/rake-12.3.2/lib/rake/task.rb:273
  [1m[36mPlane Load (0.7ms)[0m  [1m[34mSELECT "planes".* FROM "planes"[0m
  ↳ db/seeds.rb:1
  [1m[35m (0.4ms)[0m  [1m[35mBEGIN[0m
  ↳ db/seeds.rb:2
  [1m[36mPlane Create (1.0ms)[0m  [1m[32mINSERT INTO "planes" ("name", "seats", "rows", "columns", "created_at", "updated_at") VALUES ($1, $2, $3, $4, $5, $6) RETURNING "id"[0m  [["name", "Airbus A321"], ["seats", 12], ["rows", 4], ["columns", 3], ["created_at", "2019-05-09 01:03:48.158180"], ["updated_at", "2019-05-09 01:03:48.158180"]]
  ↳ db/seeds.rb:2
  [1m[35m (1.7ms)[0m  [1m[35mCOMMIT[0m
  ↳ db/seeds.rb:2
  [1m[35m (0.2ms)[0m  [1m[35mBEGIN[0m
  ↳ db/seeds.rb:3
  [1m[36mPlane Create (0.3ms)[0m  [1m[32mINSERT INTO "planes" ("name", "seats", "rows", "columns", "created_at", "updated_at") VALUES ($1, $2, $3, $4, $5, $6) RETURNING "id"[0m  [["name", "Atr ATR-76"], ["seats", 15], ["rows", 5], ["columns", 3], ["created_at", "2019-05-09 01:03:48.163351"], ["updated_at", "2019-05-09 01:03:48.163351"]]
  ↳ db/seeds.rb:3
  [1m[35m (0.5ms)[0m  [1m[35mCOMMIT[0m
  ↳ db/seeds.rb:3
  [1m[35m (0.2ms)[0m  [1m[35mBEGIN[0m
  ↳ db/seeds.rb:4
  [1m[36mPlane Create (0.5ms)[0m  [1m[32mINSERT INTO "planes" ("name", "seats", "rows", "columns", "created_at", "updated_at") VALUES ($1, $2, $3, $4, $5, $6) RETURNING "id"[0m  [["name", "Boeing 737-900"], ["seats", 18], ["rows", 6], ["columns", 3], ["created_at", "2019-05-09 01:03:48.166127"], ["updated_at", "2019-05-09 01:03:48.166127"]]
  ↳ db/seeds.rb:4
  [1m[35m (0.5ms)[0m  [1m[35mCOMMIT[0m
  ↳ db/seeds.rb:4
  [1m[35m (0.2ms)[0m  [1m[35mBEGIN[0m
  ↳ db/seeds.rb:5
  [1m[36mPlane Create (0.4ms)[0m  [1m[32mINSERT INTO "planes" ("name", "seats", "rows", "columns", "created_at", "updated_at") VALUES ($1, $2, $3, $4, $5, $6) RETURNING "id"[0m  [["name", "Cessna 402"], ["seats", 9], ["rows", 3], ["columns", 3], ["created_at", "2019-05-09 01:03:48.178023"], ["updated_at", "2019-05-09 01:03:48.178023"]]
  ↳ db/seeds.rb:5
  [1m[35m (0.4ms)[0m  [1m[35mCOMMIT[0m
  ↳ db/seeds.rb:5
  [1m[35m (0.3ms)[0m  [1m[35mBEGIN[0m
  ↳ db/seeds.rb:6
  [1m[36mPlane Create (0.4ms)[0m  [1m[32mINSERT INTO "planes" ("name", "seats", "rows", "columns", "created_at", "updated_at") VALUES ($1, $2, $3, $4, $5, $6) RETURNING "id"[0m  [["name", "Embraer 190"], ["seats", 15], ["rows", 5], ["columns", 3], ["created_at", "2019-05-09 01:03:48.180803"], ["updated_at", "2019-05-09 01:03:48.180803"]]
  ↳ db/seeds.rb:6
  [1m[35m (0.5ms)[0m  [1m[35mCOMMIT[0m
  ↳ db/seeds.rb:6
  [1m[35m (0.2ms)[0m  [1m[35mBEGIN[0m
  ↳ db/seeds.rb:7
  [1m[36mPlane Create (0.3ms)[0m  [1m[32mINSERT INTO "planes" ("name", "seats", "rows", "columns", "created_at", "updated_at") VALUES ($1, $2, $3, $4, $5, $6) RETURNING "id"[0m  [["name", "Boeing 737-900"], ["seats", 12], ["rows", 4], ["columns", 3], ["created_at", "2019-05-09 01:03:48.183572"], ["updated_at", "2019-05-09 01:03:48.183572"]]
  ↳ db/seeds.rb:7
  [1m[35m (0.4ms)[0m  [1m[35mCOMMIT[0m
  ↳ db/seeds.rb:7
  [1m[36mFlight Load (0.7ms)[0m  [1m[34mSELECT "flights".* FROM "flights"[0m
  ↳ db/seeds.rb:9
  [1m[35m (0.2ms)[0m  [1m[35mBEGIN[0m
  ↳ db/seeds.rb:10
  [1m[36mPlane Load (0.4ms)[0m  [1m[34mSELECT  "planes".* FROM "planes" WHERE "planes"."id" = $1 LIMIT $2[0m  [["id", 1], ["LIMIT", 1]]
  ↳ db/seeds.rb:10
  [1m[36mFlight Create (0.7ms)[0m  [1m[32mINSERT INTO "flights" ("number", "origin", "destination", "date", "plane_id", "created_at", "updated_at") VALUES ($1, $2, $3, $4, $5, $6, $7) RETURNING "id"[0m  [["number", "SYD01"], ["origin", "Sydney"], ["destination", "London"], ["date", "2019-05-12 00:00:00"], ["plane_id", 1], ["created_at", "2019-05-09 01:03:48.203998"], ["updated_at", "2019-05-09 01:03:48.203998"]]
  ↳ db/seeds.rb:10
  [1m[35m (0.6ms)[0m  [1m[35mCOMMIT[0m
  ↳ db/seeds.rb:10
  [1m[35m (0.3ms)[0m  [1m[35mBEGIN[0m
  ↳ db/seeds.rb:11
  [1m[36mPlane Load (0.6ms)[0m  [1m[34mSELECT  "planes".* FROM "planes" WHERE "planes"."id" = $1 LIMIT $2[0m  [["id", 2], ["LIMIT", 1]]
  ↳ db/seeds.rb:11
  [1m[36mFlight Create (0.5ms)[0m  [1m[32mINSERT INTO "flights" ("number", "origin", "destination", "date", "plane_id", "created_at", "updated_at") VALUES ($1, $2, $3, $4, $5, $6, $7) RETURNING "id"[0m  [["number", "LON02"], ["origin", "London"], ["destination", "New York"], ["date", "2019-05-13 00:00:00"], ["plane_id", 2], ["created_at", "2019-05-09 01:03:48.208965"], ["updated_at", "2019-05-09 01:03:48.208965"]]
  ↳ db/seeds.rb:11
  [1m[35m (0.6ms)[0m  [1m[35mCOMMIT[0m
  ↳ db/seeds.rb:11
  [1m[35m (0.3ms)[0m  [1m[35mBEGIN[0m
  ↳ db/seeds.rb:12
  [1m[36mPlane Load (0.5ms)[0m  [1m[34mSELECT  "planes".* FROM "planes" WHERE "planes"."id" = $1 LIMIT $2[0m  [["id", 3], ["LIMIT", 1]]
  ↳ db/seeds.rb:12
  [1m[36mFlight Create (0.5ms)[0m  [1m[32mINSERT INTO "flights" ("number", "origin", "destination", "date", "plane_id", "created_at", "updated_at") VALUES ($1, $2, $3, $4, $5, $6, $7) RETURNING "id"[0m  [["number", "LON03"], ["origin", "London"], ["destination", "New York"], ["date", "2019-05-14 00:00:00"], ["plane_id", 3], ["created_at", "2019-05-09 01:03:48.213317"], ["updated_at", "2019-05-09 01:03:48.213317"]]
  ↳ db/seeds.rb:12
  [1m[35m (0.5ms)[0m  [1m[35mCOMMIT[0m
  ↳ db/seeds.rb:12
  [1m[35m (0.2ms)[0m  [1m[35mBEGIN[0m
  ↳ db/seeds.rb:13
  [1m[36mPlane Load (0.5ms)[0m  [1m[34mSELECT  "planes".* FROM "planes" WHERE "planes"."id" = $1 LIMIT $2[0m  [["id", 4], ["LIMIT", 1]]
  ↳ db/seeds.rb:13
  [1m[36mFlight Create (0.6ms)[0m  [1m[32mINSERT INTO "flights" ("number", "origin", "destination", "date", "plane_id", "created_at", "updated_at") VALUES ($1, $2, $3, $4, $5, $6, $7) RETURNING "id"[0m  [["number", "NEW04"], ["origin", "New York"], ["destination", "Sydney"], ["date", "2019-05-15 00:00:00"], ["plane_id", 4], ["created_at", "2019-05-09 01:03:48.217153"], ["updated_at", "2019-05-09 01:03:48.217153"]]
  ↳ db/seeds.rb:13
  [1m[35m (0.5ms)[0m  [1m[35mCOMMIT[0m
  ↳ db/seeds.rb:13
  [1m[36mUser Load (0.8ms)[0m  [1m[34mSELECT "users".* FROM "users"[0m
  ↳ db/seeds.rb:15
  [1m[35m (0.3ms)[0m  [1m[35mBEGIN[0m
  ↳ db/seeds.rb:16
  [1m[36mUser Create (0.8ms)[0m  [1m[32mINSERT INTO "users" ("fname", "lname", "email", "password_digest", "admin", "created_at", "updated_at") VALUES ($1, $2, $3, $4, $5, $6, $7) RETURNING "id"[0m  [["fname", "Luke"], ["lname", "Firth"], ["email", "luke@ga.co"], ["password_digest", "chicken"], ["admin", true], ["created_at", "2019-05-09 01:03:48.233351"], ["updated_at", "2019-05-09 01:03:48.233351"]]
  ↳ db/seeds.rb:16
  [1m[35m (0.5ms)[0m  [1m[35mCOMMIT[0m
  ↳ db/seeds.rb:16
  [1m[35m (0.2ms)[0m  [1m[35mBEGIN[0m
  ↳ db/seeds.rb:17
  [1m[36mUser Create (0.5ms)[0m  [1m[32mINSERT INTO "users" ("fname", "lname", "email", "password_digest", "admin", "created_at", "updated_at") VALUES ($1, $2, $3, $4, $5, $6, $7) RETURNING "id"[0m  [["fname", "Adlan"], ["lname", "Elias"], ["email", "adlan@ga.co"], ["password_digest", "chicken"], ["admin", true], ["created_at", "2019-05-09 01:03:48.246478"], ["updated_at", "2019-05-09 01:03:48.246478"]]
  ↳ db/seeds.rb:17
  [1m[35m (0.5ms)[0m  [1m[35mCOMMIT[0m
  ↳ db/seeds.rb:17
  [1m[35m (0.3ms)[0m  [1m[35mBEGIN[0m
  ↳ db/seeds.rb:18
  [1m[36mUser Create (0.6ms)[0m  [1m[32mINSERT INTO "users" ("fname", "lname", "email", "password_digest", "admin", "created_at", "updated_at") VALUES ($1, $2, $3, $4, $5, $6, $7) RETURNING "id"[0m  [["fname", "Ritika"], ["lname", "Goel"], ["email", "ritika@ga.co"], ["password_digest", "chicken"], ["admin", true], ["created_at", "2019-05-09 01:03:48.249774"], ["updated_at", "2019-05-09 01:03:48.249774"]]
  ↳ db/seeds.rb:18
  [1m[35m (0.5ms)[0m  [1m[35mCOMMIT[0m
  ↳ db/seeds.rb:18
  [1m[35m (0.3ms)[0m  [1m[35mBEGIN[0m
  ↳ db/seeds.rb:19
  [1m[36mUser Create (0.5ms)[0m  [1m[32mINSERT INTO "users" ("fname", "lname", "email", "password_digest", "admin", "created_at", "updated_at") VALUES ($1, $2, $3, $4, $5, $6, $7) RETURNING "id"[0m  [["fname", "John"], ["lname", "Snow"], ["email", "john@gmail.com"], ["password_digest", "chicken"], ["admin", false], ["created_at", "2019-05-09 01:03:48.252905"], ["updated_at", "2019-05-09 01:03:48.252905"]]
  ↳ db/seeds.rb:19
  [1m[35m (0.7ms)[0m  [1m[35mCOMMIT[0m
  ↳ db/seeds.rb:19
  [1m[35m (0.2ms)[0m  [1m[35mBEGIN[0m
  ↳ db/seeds.rb:20
  [1m[36mUser Create (0.4ms)[0m  [1m[32mINSERT INTO "users" ("fname", "lname", "email", "password_digest", "admin", "created_at", "updated_at") VALUES ($1, $2, $3, $4, $5, $6, $7) RETURNING "id"[0m  [["fname", "Bran"], ["lname", "Stark"], ["email", "bran@gmail.com"], ["password_digest", "chicken"], ["admin", false], ["created_at", "2019-05-09 01:03:48.255764"], ["updated_at", "2019-05-09 01:03:48.255764"]]
  ↳ db/seeds.rb:20
  [1m[35m (0.4ms)[0m  [1m[35mCOMMIT[0m
  ↳ db/seeds.rb:20
  [1m[36mReservation Load (0.7ms)[0m  [1m[34mSELECT "reservations".* FROM "reservations"[0m
  ↳ db/seeds.rb:22
  [1m[35m (0.3ms)[0m  [1m[35mBEGIN[0m
  ↳ db/seeds.rb:23
  [1m[36mUser Load (0.6ms)[0m  [1m[34mSELECT  "users".* FROM "users" WHERE "users"."id" = $1 LIMIT $2[0m  [["id", 1], ["LIMIT", 1]]
  ↳ db/seeds.rb:23
  [1m[36mFlight Load (0.3ms)[0m  [1m[34mSELECT  "flights".* FROM "flights" WHERE "flights"."id" = $1 LIMIT $2[0m  [["id", 1], ["LIMIT", 1]]
  ↳ db/seeds.rb:23
  [1m[36mReservation Create (0.8ms)[0m  [1m[32mINSERT INTO "reservations" ("user_id", "flight_id", "seat", "created_at", "updated_at") VALUES ($1, $2, $3, $4, $5) RETURNING "id"[0m  [["user_id", 1], ["flight_id", 1], ["seat", "A1"], ["created_at", "2019-05-09 01:03:48.274228"], ["updated_at", "2019-05-09 01:03:48.274228"]]
  ↳ db/seeds.rb:23
  [1m[35m (0.6ms)[0m  [1m[35mCOMMIT[0m
  ↳ db/seeds.rb:23
  [1m[35m (0.2ms)[0m  [1m[35mBEGIN[0m
  ↳ db/seeds.rb:24
  [1m[36mUser Load (0.3ms)[0m  [1m[34mSELECT  "users".* FROM "users" WHERE "users"."id" = $1 LIMIT $2[0m  [["id", 2], ["LIMIT", 1]]
  ↳ db/seeds.rb:24
  [1m[36mFlight Load (0.4ms)[0m  [1m[34mSELECT  "flights".* FROM "flights" WHERE "flights"."id" = $1 LIMIT $2[0m  [["id", 1], ["LIMIT", 1]]
  ↳ db/seeds.rb:24
  [1m[36mReservation Create (0.3ms)[0m  [1m[32mINSERT INTO "reservations" ("user_id", "flight_id", "seat", "created_at", "updated_at") VALUES ($1, $2, $3, $4, $5) RETURNING "id"[0m  [["user_id", 2], ["flight_id", 1], ["seat", "C2"], ["created_at", "2019-05-09 01:03:48.279800"], ["updated_at", "2019-05-09 01:03:48.279800"]]
  ↳ db/seeds.rb:24
  [1m[35m (0.4ms)[0m  [1m[35mCOMMIT[0m
  ↳ db/seeds.rb:24
  [1m[35m (0.3ms)[0m  [1m[35mBEGIN[0m
  ↳ db/seeds.rb:25
  [1m[36mUser Load (0.5ms)[0m  [1m[34mSELECT  "users".* FROM "users" WHERE "users"."id" = $1 LIMIT $2[0m  [["id", 3], ["LIMIT", 1]]
  ↳ db/seeds.rb:25
  [1m[36mFlight Load (0.4ms)[0m  [1m[34mSELECT  "flights".* FROM "flights" WHERE "flights"."id" = $1 LIMIT $2[0m  [["id", 1], ["LIMIT", 1]]
  ↳ db/seeds.rb:25
  [1m[36mReservation Create (0.4ms)[0m  [1m[32mINSERT INTO "reservations" ("user_id", "flight_id", "seat", "created_at", "updated_at") VALUES ($1, $2, $3, $4, $5) RETURNING "id"[0m  [["user_id", 3], ["flight_id", 1], ["seat", "D3"], ["created_at", "2019-05-09 01:03:48.284715"], ["updated_at", "2019-05-09 01:03:48.284715"]]
  ↳ db/seeds.rb:25
  [1m[35m (0.5ms)[0m  [1m[35mCOMMIT[0m
  ↳ db/seeds.rb:25
  [1m[35m (0.3ms)[0m  [1m[35mBEGIN[0m
  ↳ db/seeds.rb:26
  [1m[36mUser Load (0.4ms)[0m  [1m[34mSELECT  "users".* FROM "users" WHERE "users"."id" = $1 LIMIT $2[0m  [["id", 4], ["LIMIT", 1]]
  ↳ db/seeds.rb:26
  [1m[36mFlight Load (0.4ms)[0m  [1m[34mSELECT  "flights".* FROM "flights" WHERE "flights"."id" = $1 LIMIT $2[0m  [["id", 1], ["LIMIT", 1]]
  ↳ db/seeds.rb:26
  [1m[36mReservation Create (0.5ms)[0m  [1m[32mINSERT INTO "reservations" ("user_id", "flight_id", "seat", "created_at", "updated_at") VALUES ($1, $2, $3, $4, $5) RETURNING "id"[0m  [["user_id", 4], ["flight_id", 1], ["seat", "B2"], ["created_at", "2019-05-09 01:03:48.289250"], ["updated_at", "2019-05-09 01:03:48.289250"]]
  ↳ db/seeds.rb:26
  [1m[35m (0.4ms)[0m  [1m[35mCOMMIT[0m
  ↳ db/seeds.rb:26
  [1m[35m (0.2ms)[0m  [1m[35mBEGIN[0m
  ↳ db/seeds.rb:27
  [1m[36mUser Load (0.4ms)[0m  [1m[34mSELECT  "users".* FROM "users" WHERE "users"."id" = $1 LIMIT $2[0m  [["id", 5], ["LIMIT", 1]]
  ↳ db/seeds.rb:27
  [1m[36mFlight Load (0.3ms)[0m  [1m[34mSELECT  "flights".* FROM "flights" WHERE "flights"."id" = $1 LIMIT $2[0m  [["id", 1], ["LIMIT", 1]]
  ↳ db/seeds.rb:27
  [1m[36mReservation Create (0.8ms)[0m  [1m[32mINSERT INTO "reservations" ("user_id", "flight_id", "seat", "created_at", "updated_at") VALUES ($1, $2, $3, $4, $5) RETURNING "id"[0m  [["user_id", 5], ["flight_id", 1], ["seat", "A3"], ["created_at", "2019-05-09 01:03:48.293406"], ["updated_at", "2019-05-09 01:03:48.293406"]]
  ↳ db/seeds.rb:27
  [1m[35m (0.7ms)[0m  [1m[35mCOMMIT[0m
  ↳ db/seeds.rb:27
  [1m[35m (0.2ms)[0m  [1m[35mBEGIN[0m
  ↳ db/seeds.rb:28
  [1m[36mUser Load (0.4ms)[0m  [1m[34mSELECT  "users".* FROM "users" WHERE "users"."id" = $1 LIMIT $2[0m  [["id", 1], ["LIMIT", 1]]
  ↳ db/seeds.rb:28
  [1m[36mFlight Load (0.3ms)[0m  [1m[34mSELECT  "flights".* FROM "flights" WHERE "flights"."id" = $1 LIMIT $2[0m  [["id", 2], ["LIMIT", 1]]
  ↳ db/seeds.rb:28
  [1m[36mReservation Create (0.5ms)[0m  [1m[32mINSERT INTO "reservations" ("user_id", "flight_id", "seat", "created_at", "updated_at") VALUES ($1, $2, $3, $4, $5) RETURNING "id"[0m  [["user_id", 1], ["flight_id", 2], ["seat", "B3"], ["created_at", "2019-05-09 01:03:48.305759"], ["updated_at", "2019-05-09 01:03:48.305759"]]
  ↳ db/seeds.rb:28
  [1m[35m (0.5ms)[0m  [1m[35mCOMMIT[0m
  ↳ db/seeds.rb:28
  [1m[35m (0.2ms)[0m  [1m[35mBEGIN[0m
  ↳ db/seeds.rb:29
  [1m[36mUser Load (0.2ms)[0m  [1m[34mSELECT  "users".* FROM "users" WHERE "users"."id" = $1 LIMIT $2[0m  [["id", 2], ["LIMIT", 1]]
  ↳ db/seeds.rb:29
  [1m[36mFlight Load (0.3ms)[0m  [1m[34mSELECT  "flights".* FROM "flights" WHERE "flights"."id" = $1 LIMIT $2[0m  [["id", 2], ["LIMIT", 1]]
  ↳ db/seeds.rb:29
  [1m[36mReservation Create (0.3ms)[0m  [1m[32mINSERT INTO "reservations" ("user_id", "flight_id", "seat", "created_at", "updated_at") VALUES ($1, $2, $3, $4, $5) RETURNING "id"[0m  [["user_id", 2], ["flight_id", 2], ["seat", "A2"], ["created_at", "2019-05-09 01:03:48.310407"], ["updated_at", "2019-05-09 01:03:48.310407"]]
  ↳ db/seeds.rb:29
  [1m[35m (0.5ms)[0m  [1m[35mCOMMIT[0m
  ↳ db/seeds.rb:29
  [1m[35m (0.4ms)[0m  [1m[35mBEGIN[0m
  ↳ db/seeds.rb:30
  [1m[36mUser Load (0.3ms)[0m  [1m[34mSELECT  "users".* FROM "users" WHERE "users"."id" = $1 LIMIT $2[0m  [["id", 3], ["LIMIT", 1]]
  ↳ db/seeds.rb:30
  [1m[36mFlight Load (0.4ms)[0m  [1m[34mSELECT  "flights".* FROM "flights" WHERE "flights"."id" = $1 LIMIT $2[0m  [["id", 2], ["LIMIT", 1]]
  ↳ db/seeds.rb:30
  [1m[36mReservation Create (0.6ms)[0m  [1m[32mINSERT INTO "reservations" ("user_id", "flight_id", "seat", "created_at", "updated_at") VALUES ($1, $2, $3, $4, $5) RETURNING "id"[0m  [["user_id", 3], ["flight_id", 2], ["seat", "E1"], ["created_at", "2019-05-09 01:03:48.315041"], ["updated_at", "2019-05-09 01:03:48.315041"]]
  ↳ db/seeds.rb:30
  [1m[35m (0.5ms)[0m  [1m[35mCOMMIT[0m
  ↳ db/seeds.rb:30
  [1m[35m (0.3ms)[0m  [1m[35mBEGIN[0m
  ↳ db/seeds.rb:31
  [1m[36mUser Load (0.3ms)[0m  [1m[34mSELECT  "users".* FROM "users" WHERE "users"."id" = $1 LIMIT $2[0m  [["id", 4], ["LIMIT", 1]]
  ↳ db/seeds.rb:31
  [1m[36mFlight Load (0.3ms)[0m  [1m[34mSELECT  "flights".* FROM "flights" WHERE "flights"."id" = $1 LIMIT $2[0m  [["id", 2], ["LIMIT", 1]]
  ↳ db/seeds.rb:31
  [1m[36mReservation Create (0.5ms)[0m  [1m[32mINSERT INTO "reservations" ("user_id", "flight_id", "seat", "created_at", "updated_at") VALUES ($1, $2, $3, $4, $5) RETURNING "id"[0m  [["user_id", 4], ["flight_id", 2], ["seat", "C2"], ["created_at", "2019-05-09 01:03:48.319327"], ["updated_at", "2019-05-09 01:03:48.319327"]]
  ↳ db/seeds.rb:31
  [1m[35m (0.4ms)[0m  [1m[35mCOMMIT[0m
  ↳ db/seeds.rb:31
  [1m[35m (0.2ms)[0m  [1m[35mBEGIN[0m
  ↳ db/seeds.rb:32
  [1m[36mUser Load (0.4ms)[0m  [1m[34mSELECT  "users".* FROM "users" WHERE "users"."id" = $1 LIMIT $2[0m  [["id", 5], ["LIMIT", 1]]
  ↳ db/seeds.rb:32
  [1m[36mFlight Load (0.2ms)[0m  [1m[34mSELECT  "flights".* FROM "flights" WHERE "flights"."id" = $1 LIMIT $2[0m  [["id", 2], ["LIMIT", 1]]
  ↳ db/seeds.rb:32
  [1m[36mReservation Create (0.4ms)[0m  [1m[32mINSERT INTO "reservations" ("user_id", "flight_id", "seat", "created_at", "updated_at") VALUES ($1, $2, $3, $4, $5) RETURNING "id"[0m  [["user_id", 5], ["flight_id", 2], ["seat", "A1"], ["created_at", "2019-05-09 01:03:48.323270"], ["updated_at", "2019-05-09 01:03:48.323270"]]
  ↳ db/seeds.rb:32
  [1m[35m (0.4ms)[0m  [1m[35mCOMMIT[0m
  ↳ db/seeds.rb:32
  [1m[35m (0.2ms)[0m  [1m[35mBEGIN[0m
  ↳ db/seeds.rb:33
  [1m[36mUser Load (0.4ms)[0m  [1m[34mSELECT  "users".* FROM "users" WHERE "users"."id" = $1 LIMIT $2[0m  [["id", 1], ["LIMIT", 1]]
  ↳ db/seeds.rb:33
  [1m[36mFlight Load (0.3ms)[0m  [1m[34mSELECT  "flights".* FROM "flights" WHERE "flights"."id" = $1 LIMIT $2[0m  [["id", 3], ["LIMIT", 1]]
  ↳ db/seeds.rb:33
  [1m[36mReservation Create (1.0ms)[0m  [1m[32mINSERT INTO "reservations" ("user_id", "flight_id", "seat", "created_at", "updated_at") VALUES ($1, $2, $3, $4, $5) RETURNING "id"[0m  [["user_id", 1], ["flight_id", 3], ["seat", "A1"], ["created_at", "2019-05-09 01:03:48.328938"], ["updated_at", "2019-05-09 01:03:48.328938"]]
  ↳ db/seeds.rb:33
  [1m[35m (1.0ms)[0m  [1m[35mCOMMIT[0m
  ↳ db/seeds.rb:33
  [1m[35m (0.2ms)[0m  [1m[35mBEGIN[0m
  ↳ db/seeds.rb:34
  [1m[36mUser Load (0.8ms)[0m  [1m[34mSELECT  "users".* FROM "users" WHERE "users"."id" = $1 LIMIT $2[0m  [["id", 2], ["LIMIT", 1]]
  ↳ db/seeds.rb:34
  [1m[36mFlight Load (0.3ms)[0m  [1m[34mSELECT  "flights".* FROM "flights" WHERE "flights"."id" = $1 LIMIT $2[0m  [["id", 3], ["LIMIT", 1]]
  ↳ db/seeds.rb:34
  [1m[36mReservation Create (1.1ms)[0m  [1m[32mINSERT INTO "reservations" ("user_id", "flight_id", "seat", "created_at", "updated_at") VALUES ($1, $2, $3, $4, $5) RETURNING "id"[0m  [["user_id", 2], ["flight_id", 3], ["seat", "D2"], ["created_at", "2019-05-09 01:03:48.336862"], ["updated_at", "2019-05-09 01:03:48.336862"]]
  ↳ db/seeds.rb:34
  [1m[35m (1.2ms)[0m  [1m[35mCOMMIT[0m
  ↳ db/seeds.rb:34
  [1m[35m (1.0ms)[0m  [1m[35mBEGIN[0m
  ↳ db/seeds.rb:35
  [1m[36mUser Load (1.2ms)[0m  [1m[34mSELECT  "users".* FROM "users" WHERE "users"."id" = $1 LIMIT $2[0m  [["id", 3], ["LIMIT", 1]]
  ↳ db/seeds.rb:35
  [1m[36mFlight Load (0.4ms)[0m  [1m[34mSELECT  "flights".* FROM "flights" WHERE "flights"."id" = $1 LIMIT $2[0m  [["id", 4], ["LIMIT", 1]]
  ↳ db/seeds.rb:35
  [1m[36mReservation Create (1.2ms)[0m  [1m[32mINSERT INTO "reservations" ("user_id", "flight_id", "seat", "created_at", "updated_at") VALUES ($1, $2, $3, $4, $5) RETURNING "id"[0m  [["user_id", 3], ["flight_id", 4], ["seat", "A2"], ["created_at", "2019-05-09 01:03:48.345840"], ["updated_at", "2019-05-09 01:03:48.345840"]]
  ↳ db/seeds.rb:35
  [1m[35m (1.0ms)[0m  [1m[35mCOMMIT[0m
  ↳ db/seeds.rb:35
  [1m[35m (0.2ms)[0m  [1m[35mBEGIN[0m
  ↳ db/seeds.rb:36
  [1m[36mUser Load (0.2ms)[0m  [1m[34mSELECT  "users".* FROM "users" WHERE "users"."id" = $1 LIMIT $2[0m  [["id", 4], ["LIMIT", 1]]
  ↳ db/seeds.rb:36
  [1m[36mFlight Load (0.4ms)[0m  [1m[34mSELECT  "flights".* FROM "flights" WHERE "flights"."id" = $1 LIMIT $2[0m  [["id", 4], ["LIMIT", 1]]
  ↳ db/seeds.rb:36
  [1m[36mReservation Create (0.8ms)[0m  [1m[32mINSERT INTO "reservations" ("user_id", "flight_id", "seat", "created_at", "updated_at") VALUES ($1, $2, $3, $4, $5) RETURNING "id"[0m  [["user_id", 4], ["flight_id", 4], ["seat", "C1"], ["created_at", "2019-05-09 01:03:48.354866"], ["updated_at", "2019-05-09 01:03:48.354866"]]
  ↳ db/seeds.rb:36
  [1m[35m (1.4ms)[0m  [1m[35mCOMMIT[0m
  ↳ db/seeds.rb:36
  [1m[35m (0.4ms)[0m  [1m[35mBEGIN[0m
  ↳ db/seeds.rb:45
  [1m[35m (1.0ms)[0m  [1m[35mCOMMIT[0m
  ↳ db/seeds.rb:45
  [1m[35m (1.0ms)[0m  [1m[35mBEGIN[0m
  ↳ db/seeds.rb:46
  [1m[35m (1.0ms)[0m  [1m[35mCOMMIT[0m
  ↳ db/seeds.rb:46
  [1m[35m (0.3ms)[0m  [1m[35mBEGIN[0m
  ↳ db/seeds.rb:47
  [1m[35m (0.2ms)[0m  [1m[35mCOMMIT[0m
  ↳ db/seeds.rb:47
  [1m[35m (1.2ms)[0m  [1m[35mBEGIN[0m
  ↳ db/seeds.rb:48
  [1m[35m (0.2ms)[0m  [1m[35mCOMMIT[0m
  ↳ db/seeds.rb:48
  [1m[35m (1.0ms)[0m  [1m[35mBEGIN[0m
  ↳ db/seeds.rb:51
  [1m[35m (1.2ms)[0m  [1m[35mCOMMIT[0m
  ↳ db/seeds.rb:51
  [1m[35m (1.4ms)[0m  [1m[35mBEGIN[0m
  ↳ db/seeds.rb:51
  [1m[35m (1.1ms)[0m  [1m[35mCOMMIT[0m
  ↳ db/seeds.rb:51
  [1m[35m (0.3ms)[0m  [1m[35mBEGIN[0m
  ↳ db/seeds.rb:51
  [1m[35m (0.3ms)[0m  [1m[35mCOMMIT[0m
  ↳ db/seeds.rb:51
  [1m[35m (1.1ms)[0m  [1m[35mBEGIN[0m
  ↳ db/seeds.rb:52
  [1m[35m (0.9ms)[0m  [1m[35mCOMMIT[0m
  ↳ db/seeds.rb:52
  [1m[35m (0.4ms)[0m  [1m[35mBEGIN[0m
  ↳ db/seeds.rb:52
  [1m[35m (0.4ms)[0m  [1m[35mCOMMIT[0m
  ↳ db/seeds.rb:52
  [1m[35m (0.5ms)[0m  [1m[35mBEGIN[0m
  ↳ db/seeds.rb:52
  [1m[35m (0.2ms)[0m  [1m[35mCOMMIT[0m
  ↳ db/seeds.rb:52
  [1m[35m (0.2ms)[0m  [1m[35mBEGIN[0m
  ↳ db/seeds.rb:53
  [1m[35m (0.3ms)[0m  [1m[35mCOMMIT[0m
  ↳ db/seeds.rb:53
  [1m[35m (0.3ms)[0m  [1m[35mBEGIN[0m
  ↳ db/seeds.rb:53
  [1m[35m (0.2ms)[0m  [1m[35mCOMMIT[0m
  ↳ db/seeds.rb:53
  [1m[35m (0.2ms)[0m  [1m[35mBEGIN[0m
  ↳ db/seeds.rb:53
  [1m[35m (0.2ms)[0m  [1m[35mCOMMIT[0m
  ↳ db/seeds.rb:53
  [1m[35m (0.3ms)[0m  [1m[35mBEGIN[0m
  ↳ db/seeds.rb:54
  [1m[35m (0.2ms)[0m  [1m[35mCOMMIT[0m
  ↳ db/seeds.rb:54
  [1m[35m (0.2ms)[0m  [1m[35mBEGIN[0m
  ↳ db/seeds.rb:54
  [1m[35m (0.3ms)[0m  [1m[35mCOMMIT[0m
  ↳ db/seeds.rb:54
  [1m[35m (0.2ms)[0m  [1m[35mBEGIN[0m
  ↳ db/seeds.rb:54
  [1m[35m (0.2ms)[0m  [1m[35mCOMMIT[0m
  ↳ db/seeds.rb:54
  [1m[35m (0.2ms)[0m  [1m[35mBEGIN[0m
  ↳ db/seeds.rb:55
  [1m[35m (0.2ms)[0m  [1m[35mCOMMIT[0m
  ↳ db/seeds.rb:55
  [1m[35m (0.2ms)[0m  [1m[35mBEGIN[0m
  ↳ db/seeds.rb:55
  [1m[35m (0.2ms)[0m  [1m[35mCOMMIT[0m
  ↳ db/seeds.rb:55
  [1m[35m (0.2ms)[0m  [1m[35mBEGIN[0m
  ↳ db/seeds.rb:58
  [1m[35m (0.3ms)[0m  [1m[35mCOMMIT[0m
  ↳ db/seeds.rb:58
  [1m[35m (0.2ms)[0m  [1m[35mBEGIN[0m
  ↳ db/seeds.rb:58
  [1m[35m (0.6ms)[0m  [1m[35mCOMMIT[0m
  ↳ db/seeds.rb:58
  [1m[35m (0.3ms)[0m  [1m[35mBEGIN[0m
  ↳ db/seeds.rb:58
  [1m[35m (0.2ms)[0m  [1m[35mCOMMIT[0m
  ↳ db/seeds.rb:58
  [1m[35m (0.3ms)[0m  [1m[35mBEGIN[0m
  ↳ db/seeds.rb:58
  [1m[35m (0.2ms)[0m  [1m[35mCOMMIT[0m
  ↳ db/seeds.rb:58
  [1m[35m (0.3ms)[0m  [1m[35mBEGIN[0m
  ↳ db/seeds.rb:58
  [1m[35m (0.2ms)[0m  [1m[35mCOMMIT[0m
  ↳ db/seeds.rb:58
  [1m[35m (0.2ms)[0m  [1m[35mBEGIN[0m
  ↳ db/seeds.rb:59
  [1m[35m (0.2ms)[0m  [1m[35mCOMMIT[0m
  ↳ db/seeds.rb:59
  [1m[35m (0.2ms)[0m  [1m[35mBEGIN[0m
  ↳ db/seeds.rb:59
  [1m[35m (0.2ms)[0m  [1m[35mCOMMIT[0m
  ↳ db/seeds.rb:59
  [1m[35m (0.2ms)[0m  [1m[35mBEGIN[0m
  ↳ db/seeds.rb:59
  [1m[35m (0.2ms)[0m  [1m[35mCOMMIT[0m
  ↳ db/seeds.rb:59
  [1m[35m (0.2ms)[0m  [1m[35mBEGIN[0m
  ↳ db/seeds.rb:59
  [1m[35m (0.2ms)[0m  [1m[35mCOMMIT[0m
  ↳ db/seeds.rb:59
  [1m[35m (0.2ms)[0m  [1m[35mBEGIN[0m
  ↳ db/seeds.rb:59
  [1m[35m (0.5ms)[0m  [1m[35mCOMMIT[0m
  ↳ db/seeds.rb:59
  [1m[35m (0.3ms)[0m  [1m[35mBEGIN[0m
  ↳ db/seeds.rb:60
  [1m[35m (2.2ms)[0m  [1m[35mCOMMIT[0m
  ↳ db/seeds.rb:60
  [1m[35m (0.2ms)[0m  [1m[35mBEGIN[0m
  ↳ db/seeds.rb:60
  [1m[35m (0.3ms)[0m  [1m[35mCOMMIT[0m
  ↳ db/seeds.rb:60
  [1m[35m (0.2ms)[0m  [1m[35mBEGIN[0m
  ↳ db/seeds.rb:61
  [1m[35m (0.2ms)[0m  [1m[35mCOMMIT[0m
  ↳ db/seeds.rb:61
  [1m[35m (0.2ms)[0m  [1m[35mBEGIN[0m
  ↳ db/seeds.rb:61
  [1m[35m (0.2ms)[0m  [1m[35mCOMMIT[0m
  ↳ db/seeds.rb:61
Started GET "/planes" for ::1 at 2019-05-09 11:03:59 +1000
  [1m[35m (2.0ms)[0m  [1m[34mSELECT "schema_migrations"."version" FROM "schema_migrations" ORDER BY "schema_migrations"."version" ASC[0m
  ↳ /Users/ritikagoel/.rvm/gems/ruby-2.6.2/gems/activerecord-5.2.3/lib/active_record/log_subscriber.rb:98
Processing by PlanesController#index as HTML
  Rendering planes/index.html.erb within layouts/application
  [1m[36mPlane Load (0.7ms)[0m  [1m[34mSELECT "planes".* FROM "planes"[0m
  ↳ app/views/planes/index.html.erb:17
  Rendered planes/index.html.erb within layouts/application (27.4ms)
Completed 200 OK in 262ms (Views: 247.6ms | ActiveRecord: 7.4ms)


Started GET "/flights" for ::1 at 2019-05-09 11:04:18 +1000
Processing by FlightsController#index as HTML
  Rendering flights/index.html.erb within layouts/application
  [1m[36mFlight Load (1.4ms)[0m  [1m[34mSELECT "flights".* FROM "flights"[0m
  ↳ app/views/flights/index.html.erb:18
  Rendered flights/index.html.erb within layouts/application (29.2ms)
Completed 200 OK in 59ms (Views: 41.8ms | ActiveRecord: 9.7ms)


Started GET "/users" for ::1 at 2019-05-09 11:04:22 +1000
Processing by UsersController#index as HTML
  Rendering users/index.html.erb within layouts/application
  [1m[36mUser Load (2.3ms)[0m  [1m[34mSELECT "users".* FROM "users"[0m
  ↳ app/views/users/index.html.erb:18
  Rendered users/index.html.erb within layouts/application (34.5ms)
Completed 200 OK in 77ms (Views: 56.7ms | ActiveRecord: 12.6ms)


Started GET "/reservations" for ::1 at 2019-05-09 11:04:29 +1000
Processing by ReservationsController#index as HTML
  Rendering reservations/index.html.erb within layouts/application
  [1m[36mReservation Load (1.2ms)[0m  [1m[34mSELECT "reservations".* FROM "reservations"[0m
  ↳ app/views/reservations/index.html.erb:16
  Rendered reservations/index.html.erb within layouts/application (22.4ms)
Completed 200 OK in 64ms (Views: 48.0ms | ActiveRecord: 9.7ms)


